{"contracts/interfaces/core/IJasmineEAT.sol":{"l":{},"path":"/Users/kaialdag/Desktop/dev/jasmine/v1-pools-contracts/contracts/interfaces/core/IJasmineEAT.sol","s":{},"b":{},"f":{},"fnMap":{},"statementMap":{},"branchMap":{}},"contracts/interfaces/core/IJasmineMinter.sol":{"l":{},"path":"/Users/kaialdag/Desktop/dev/jasmine/v1-pools-contracts/contracts/interfaces/core/IJasmineMinter.sol","s":{},"b":{},"f":{},"fnMap":{},"statementMap":{},"branchMap":{}},"contracts/interfaces/core/IJasmineOracle.sol":{"l":{},"path":"/Users/kaialdag/Desktop/dev/jasmine/v1-pools-contracts/contracts/interfaces/core/IJasmineOracle.sol","s":{},"b":{},"f":{},"fnMap":{},"statementMap":{},"branchMap":{}},"contracts/interfaces/ERC/IERC1046.sol":{"l":{},"path":"/Users/kaialdag/Desktop/dev/jasmine/v1-pools-contracts/contracts/interfaces/ERC/IERC1046.sol","s":{},"b":{},"f":{},"fnMap":{},"statementMap":{},"branchMap":{}},"contracts/interfaces/ERC/IERC6093.sol":{"l":{},"path":"/Users/kaialdag/Desktop/dev/jasmine/v1-pools-contracts/contracts/interfaces/ERC/IERC6093.sol","s":{},"b":{},"f":{},"fnMap":{},"statementMap":{},"branchMap":{}},"contracts/interfaces/errors/JasmineErrors.sol":{"l":{},"path":"/Users/kaialdag/Desktop/dev/jasmine/v1-pools-contracts/contracts/interfaces/errors/JasmineErrors.sol","s":{},"b":{},"f":{},"fnMap":{},"statementMap":{},"branchMap":{}},"contracts/interfaces/IJasmineFeeManager.sol":{"l":{},"path":"/Users/kaialdag/Desktop/dev/jasmine/v1-pools-contracts/contracts/interfaces/IJasmineFeeManager.sol","s":{},"b":{},"f":{},"fnMap":{},"statementMap":{},"branchMap":{}},"contracts/interfaces/IJasminePool.sol":{"l":{},"path":"/Users/kaialdag/Desktop/dev/jasmine/v1-pools-contracts/contracts/interfaces/IJasminePool.sol","s":{},"b":{},"f":{},"fnMap":{},"statementMap":{},"branchMap":{}},"contracts/interfaces/IJasminePoolFactory.sol":{"l":{},"path":"/Users/kaialdag/Desktop/dev/jasmine/v1-pools-contracts/contracts/interfaces/IJasminePoolFactory.sol","s":{},"b":{},"f":{},"fnMap":{},"statementMap":{},"branchMap":{}},"contracts/interfaces/IRetirementRecipient.sol":{"l":{},"path":"/Users/kaialdag/Desktop/dev/jasmine/v1-pools-contracts/contracts/interfaces/IRetirementRecipient.sol","s":{},"b":{},"f":{},"fnMap":{},"statementMap":{},"branchMap":{}},"contracts/interfaces/IRetirementService.sol":{"l":{},"path":"/Users/kaialdag/Desktop/dev/jasmine/v1-pools-contracts/contracts/interfaces/IRetirementService.sol","s":{},"b":{},"f":{},"fnMap":{},"statementMap":{},"branchMap":{}},"contracts/interfaces/pool/IEATBackedPool.sol":{"l":{},"path":"/Users/kaialdag/Desktop/dev/jasmine/v1-pools-contracts/contracts/interfaces/pool/IEATBackedPool.sol","s":{},"b":{},"f":{},"fnMap":{},"statementMap":{},"branchMap":{}},"contracts/interfaces/pool/IFeePool.sol":{"l":{},"path":"/Users/kaialdag/Desktop/dev/jasmine/v1-pools-contracts/contracts/interfaces/pool/IFeePool.sol","s":{},"b":{},"f":{},"fnMap":{},"statementMap":{},"branchMap":{}},"contracts/interfaces/pool/IQualifiedPool.sol":{"l":{},"path":"/Users/kaialdag/Desktop/dev/jasmine/v1-pools-contracts/contracts/interfaces/pool/IQualifiedPool.sol","s":{},"b":{},"f":{},"fnMap":{},"statementMap":{},"branchMap":{}},"contracts/interfaces/pool/IRetireablePool.sol":{"l":{},"path":"/Users/kaialdag/Desktop/dev/jasmine/v1-pools-contracts/contracts/interfaces/pool/IRetireablePool.sol","s":{},"b":{},"f":{},"fnMap":{},"statementMap":{},"branchMap":{}},"contracts/JasminePool.sol":{"l":{"66":9,"68":9,"89":10,"91":9,"109":45,"117":0,"119":0,"144":0,"155":0,"170":9,"191":2,"209":4,"229":1,"239":1},"path":"/Users/kaialdag/Desktop/dev/jasmine/v1-pools-contracts/contracts/JasminePool.sol","s":{"1":9,"2":9,"3":45,"4":0,"5":0,"6":0,"7":0,"8":9,"9":2,"10":4,"11":1,"12":1},"b":{"1":[0,9],"2":[10,1],"3":[0,0]},"f":{"1":9,"2":10,"3":45,"4":0,"5":0,"6":0,"7":9,"8":2,"9":4,"10":1,"11":1},"fnMap":{"1":{"name":"constructor","line":63,"loc":{"start":{"line":57,"column":4},"end":{"line":69,"column":4}}},"2":{"name":"initialize","line":87,"loc":{"start":{"line":81,"column":4},"end":{"line":92,"column":4}}},"3":{"name":"meetsPolicy","line":105,"loc":{"start":{"line":105,"column":4},"end":{"line":110,"column":4}}},"4":{"name":"policyForVersion","line":113,"loc":{"start":{"line":113,"column":4},"end":{"line":126,"column":4}}},"5":{"name":"withdrawalCost","line":136,"loc":{"start":{"line":136,"column":4},"end":{"line":145,"column":4}}},"6":{"name":"withdrawalCost","line":148,"loc":{"start":{"line":148,"column":4},"end":{"line":156,"column":4}}},"7":{"name":"withdraw","line":159,"loc":{"start":{"line":159,"column":4},"end":{"line":176,"column":4}}},"8":{"name":"withdrawFrom","line":179,"loc":{"start":{"line":179,"column":4},"end":{"line":197,"column":4}}},"9":{"name":"withdrawSpecific","line":200,"loc":{"start":{"line":200,"column":4},"end":{"line":216,"column":4}}},"10":{"name":"retire","line":221,"loc":{"start":{"line":221,"column":4},"end":{"line":230,"column":4}}},"11":{"name":"retirementCost","line":233,"loc":{"start":{"line":233,"column":4},"end":{"line":240,"column":4}}}},"statementMap":{"1":{"start":{"line":66,"column":8},"end":{"line":66,"column":73}},"2":{"start":{"line":91,"column":8},"end":{"line":91,"column":39}},"3":{"start":{"line":109,"column":8},"end":{"line":109,"column":81}},"4":{"start":{"line":117,"column":8},"end":{"line":117,"column":98}},"5":{"start":{"line":119,"column":8},"end":{"line":119,"column":3914}},"6":{"start":{"line":144,"column":8},"end":{"line":144,"column":54}},"7":{"start":{"line":155,"column":8},"end":{"line":155,"column":43}},"8":{"start":{"line":170,"column":8},"end":{"line":170,"column":5278}},"9":{"start":{"line":191,"column":8},"end":{"line":191,"column":5747}},"10":{"start":{"line":209,"column":8},"end":{"line":209,"column":6157}},"11":{"start":{"line":229,"column":8},"end":{"line":229,"column":48}},"12":{"start":{"line":239,"column":8},"end":{"line":239,"column":43}}},"branchMap":{"1":{"line":66,"type":"if","locations":[{"start":{"line":66,"column":8},"end":{"line":66,"column":8}},{"start":{"line":66,"column":8},"end":{"line":66,"column":8}}]},"2":{"line":87,"type":"if","locations":[{"start":{"line":87,"column":8},"end":{"line":87,"column":8}},{"start":{"line":87,"column":8},"end":{"line":87,"column":8}}]},"3":{"line":117,"type":"if","locations":[{"start":{"line":117,"column":8},"end":{"line":117,"column":8}},{"start":{"line":117,"column":8},"end":{"line":117,"column":8}}]}}},"contracts/JasminePoolFactory.sol":{"l":{"166":9,"170":9,"171":9,"196":39,"197":39,"198":39,"201":39,"202":37,"203":36,"206":36,"207":36,"211":36,"214":36,"216":36,"217":36,"219":36,"220":36,"223":36,"224":36,"226":36,"227":36,"230":36,"231":36,"232":36,"245":2,"260":9,"261":9,"281":1,"282":1,"284":1,"285":3,"286":3,"287":2,"288":2,"291":3,"292":3,"296":1,"298":1,"299":2,"300":2,"302":2,"306":1,"343":9,"351":9,"400":10,"403":9,"406":9,"409":9,"414":9,"417":9,"418":9,"419":9,"422":9,"423":9,"425":9,"444":0,"446":0,"447":0,"449":0,"465":37,"467":36,"469":36,"473":36,"478":36,"483":36,"501":3,"504":2,"506":2,"519":3,"523":2,"525":2,"547":8,"549":8,"566":6,"567":5,"569":5,"585":6,"587":6,"605":5,"606":5,"608":5,"609":5,"627":1,"628":1,"655":13,"668":5,"683":3,"693":77,"694":77,"695":77,"703":1,"724":9,"725":9,"727":9,"729":9,"730":9,"731":9,"733":0,"734":0,"735":0,"755":22,"756":22,"757":22,"773":9,"774":9,"789":76,"790":2,"792":0,"795":74,"796":1,"797":1,"798":1,"801":0,"813":10,"814":1,"826":42,"833":25,"834":0,"836":25,"841":68,"842":5,"844":63},"path":"/Users/kaialdag/Desktop/dev/jasmine/v1-pools-contracts/contracts/JasminePoolFactory.sol","s":{"1":9,"2":39,"3":39,"4":39,"5":39,"6":37,"7":36,"8":36,"9":36,"10":36,"11":36,"12":36,"13":36,"14":36,"15":36,"16":36,"17":36,"18":36,"19":36,"20":36,"21":36,"22":36,"23":2,"24":9,"25":9,"26":1,"27":1,"28":1,"29":3,"30":3,"31":1,"32":1,"33":9,"34":9,"35":10,"36":9,"37":9,"38":9,"39":9,"40":9,"41":9,"42":9,"43":9,"44":9,"45":9,"46":0,"47":0,"48":0,"49":0,"50":37,"51":36,"52":36,"53":36,"54":36,"55":36,"56":3,"57":2,"58":3,"59":2,"60":8,"61":6,"62":5,"63":6,"64":5,"65":5,"66":5,"67":1,"68":13,"69":5,"70":3,"71":77,"72":77,"73":77,"74":9,"75":9,"76":9,"77":9,"78":0,"79":0,"80":0,"81":22,"82":22,"83":22,"84":9,"85":76,"86":74,"87":74,"88":1,"89":1,"90":10,"91":42,"92":25,"93":68},"b":{"1":[0,9],"2":[0,0],"3":[39,0],"4":[39,0],"5":[0,36],"6":[36,0],"7":[36,0],"8":[0,9],"9":[2,1],"10":[9,0],"11":[10,0],"12":[0,9],"13":[0,9],"14":[9,0],"15":[0,1],"16":[37,1],"17":[36,0],"18":[3,1],"19":[1,2],"20":[0,1],"21":[3,1],"22":[1,2],"23":[0,1],"24":[8,0],"25":[6,0],"26":[1,5],"27":[6,0],"28":[5,0],"29":[1,1],"30":[0,0],"31":[1,1],"32":[0,9],"33":[0,9],"34":[9,0],"35":[0,0],"36":[2,74],"37":[0,74],"38":[1,0],"39":[1,9],"40":[0,1],"41":[1,41],"42":[0,25],"43":[5,63]},"f":{"1":9,"2":39,"3":2,"4":9,"5":1,"6":9,"7":10,"8":0,"9":37,"10":3,"11":3,"12":8,"13":6,"14":6,"15":5,"16":1,"17":0,"18":13,"19":5,"20":3,"21":77,"22":1,"23":9,"24":22,"25":9,"26":76,"27":10,"28":42,"29":25,"30":68},"fnMap":{"1":{"name":"constructor","line":164,"loc":{"start":{"line":164,"column":4},"end":{"line":172,"column":4}}},"2":{"name":"initialize","line":193,"loc":{"start":{"line":185,"column":4},"end":{"line":234,"column":4}}},"3":{"name":"totalPools","line":244,"loc":{"start":{"line":244,"column":4},"end":{"line":246,"column":4}}},"4":{"name":"getPoolAtIndex","line":256,"loc":{"start":{"line":256,"column":4},"end":{"line":262,"column":4}}},"5":{"name":"eligiblePoolsForToken","line":277,"loc":{"start":{"line":277,"column":4},"end":{"line":307,"column":4}}},"6":{"name":"deployNewBasePool","line":339,"loc":{"start":{"line":333,"column":4},"end":{"line":359,"column":4}}},"7":{"name":"deployNewPool","line":396,"loc":{"start":{"line":388,"column":4},"end":{"line":426,"column":4}}},"8":{"name":"updateImplementationAddress","line":442,"loc":{"start":{"line":438,"column":4},"end":{"line":452,"column":4}}},"9":{"name":"addPoolImplementation","line":462,"loc":{"start":{"line":461,"column":4},"end":{"line":484,"column":4}}},"10":{"name":"removePoolImplementation","line":499,"loc":{"start":{"line":498,"column":4},"end":{"line":507,"column":4}}},"11":{"name":"readdPoolImplementation","line":517,"loc":{"start":{"line":516,"column":4},"end":{"line":530,"column":4}}},"12":{"name":"setBaseWithdrawalRate","line":545,"loc":{"start":{"line":544,"column":4},"end":{"line":550,"column":4}}},"13":{"name":"setBaseWithdrawalSpecificRate","line":564,"loc":{"start":{"line":563,"column":4},"end":{"line":570,"column":4}}},"14":{"name":"setBaseRetirementRate","line":583,"loc":{"start":{"line":582,"column":4},"end":{"line":588,"column":4}}},"15":{"name":"setFeeBeneficiary","line":603,"loc":{"start":{"line":602,"column":4},"end":{"line":610,"column":4}}},"16":{"name":"updatePoolsBaseURI","line":625,"loc":{"start":{"line":624,"column":4},"end":{"line":629,"column":4}}},"17":{"name":"_authorizeUpgrade","line":634,"loc":{"start":{"line":634,"column":4},"end":{"line":634,"column":69}}},"18":{"name":"computePoolAddress","line":651,"loc":{"start":{"line":651,"column":4},"end":{"line":656,"column":4}}},"19":{"name":"poolsBaseURI","line":664,"loc":{"start":{"line":664,"column":4},"end":{"line":669,"column":4}}},"20":{"name":"hasFeeManagerRole","line":679,"loc":{"start":{"line":679,"column":4},"end":{"line":684,"column":4}}},"21":{"name":"_transferOwnership","line":690,"loc":{"start":{"line":690,"column":4},"end":{"line":696,"column":4}}},"22":{"name":"renounceOwnership","line":701,"loc":{"start":{"line":699,"column":4},"end":{"line":704,"column":4}}},"23":{"name":"_createUniswapPool","line":717,"loc":{"start":{"line":717,"column":4},"end":{"line":738,"column":4}}},"24":{"name":"_predictDeploymentAddress","line":748,"loc":{"start":{"line":748,"column":4},"end":{"line":758,"column":4}}},"25":{"name":"_addDeployedPool","line":767,"loc":{"start":{"line":767,"column":4},"end":{"line":775,"column":4}}},"26":{"name":"_validatePoolImplementation","line":786,"loc":{"start":{"line":786,"column":4},"end":{"line":803,"column":4}}},"27":{"name":"_validatePoolVersion","line":810,"loc":{"start":{"line":810,"column":4},"end":{"line":816,"column":4}}},"28":{"name":"_validateFeeReceiver","line":823,"loc":{"start":{"line":823,"column":4},"end":{"line":827,"column":4}}},"29":{"name":"onlyFeeManager","line":832,"loc":{"start":{"line":832,"column":4},"end":{"line":837,"column":4}}},"30":{"name":"onlyPoolManager","line":840,"loc":{"start":{"line":840,"column":4},"end":{"line":845,"column":4}}}},"statementMap":{"1":{"start":{"line":166,"column":8},"end":{"line":166,"column":6811}},"2":{"start":{"line":196,"column":8},"end":{"line":196,"column":31}},"3":{"start":{"line":197,"column":8},"end":{"line":197,"column":28}},"4":{"start":{"line":198,"column":8},"end":{"line":198,"column":29}},"5":{"start":{"line":201,"column":8},"end":{"line":201,"column":55}},"6":{"start":{"line":202,"column":8},"end":{"line":202,"column":44}},"7":{"start":{"line":203,"column":8},"end":{"line":203,"column":71}},"8":{"start":{"line":211,"column":8},"end":{"line":211,"column":33}},"9":{"start":{"line":214,"column":8},"end":{"line":214,"column":45}},"10":{"start":{"line":216,"column":8},"end":{"line":216,"column":44}},"11":{"start":{"line":217,"column":8},"end":{"line":217,"column":59}},"12":{"start":{"line":219,"column":8},"end":{"line":219,"column":43}},"13":{"start":{"line":220,"column":8},"end":{"line":220,"column":58}},"14":{"start":{"line":223,"column":8},"end":{"line":223,"column":44}},"15":{"start":{"line":224,"column":8},"end":{"line":224,"column":43}},"16":{"start":{"line":226,"column":8},"end":{"line":226,"column":85}},"17":{"start":{"line":226,"column":42},"end":{"line":226,"column":84}},"18":{"start":{"line":227,"column":8},"end":{"line":227,"column":82}},"19":{"start":{"line":227,"column":41},"end":{"line":227,"column":81}},"20":{"start":{"line":230,"column":8},"end":{"line":230,"column":50}},"21":{"start":{"line":231,"column":8},"end":{"line":231,"column":49}},"22":{"start":{"line":232,"column":8},"end":{"line":232,"column":51}},"23":{"start":{"line":245,"column":8},"end":{"line":245,"column":30}},"24":{"start":{"line":260,"column":8},"end":{"line":260,"column":53}},"25":{"start":{"line":261,"column":8},"end":{"line":261,"column":51}},"26":{"start":{"line":281,"column":8},"end":{"line":281,"column":71}},"27":{"start":{"line":282,"column":8},"end":{"line":282,"column":38}},"28":{"start":{"line":284,"column":8},"end":{"line":284,"column":11040}},"29":{"start":{"line":285,"column":12},"end":{"line":285,"column":66}},"30":{"start":{"line":286,"column":12},"end":{"line":286,"column":11164}},"31":{"start":{"line":298,"column":8},"end":{"line":298,"column":11462}},"32":{"start":{"line":306,"column":8},"end":{"line":306,"column":20}},"33":{"start":{"line":343,"column":8},"end":{"line":343,"column":12908}},"34":{"start":{"line":351,"column":8},"end":{"line":351,"column":13128}},"35":{"start":{"line":400,"column":8},"end":{"line":400,"column":36}},"36":{"start":{"line":403,"column":8},"end":{"line":403,"column":48}},"37":{"start":{"line":406,"column":8},"end":{"line":406,"column":106}},"38":{"start":{"line":409,"column":8},"end":{"line":409,"column":15115}},"39":{"start":{"line":414,"column":8},"end":{"line":414,"column":121}},"40":{"start":{"line":417,"column":8},"end":{"line":417,"column":115}},"41":{"start":{"line":418,"column":8},"end":{"line":418,"column":44}},"42":{"start":{"line":419,"column":8},"end":{"line":419,"column":68}},"43":{"start":{"line":422,"column":8},"end":{"line":422,"column":15765}},"44":{"start":{"line":423,"column":12},"end":{"line":423,"column":70}},"45":{"start":{"line":425,"column":8},"end":{"line":425,"column":33}},"46":{"start":{"line":444,"column":8},"end":{"line":444,"column":57}},"47":{"start":{"line":446,"column":8},"end":{"line":446,"column":94}},"48":{"start":{"line":447,"column":8},"end":{"line":447,"column":60}},"49":{"start":{"line":449,"column":8},"end":{"line":449,"column":16640}},"50":{"start":{"line":465,"column":8},"end":{"line":465,"column":57}},"51":{"start":{"line":467,"column":8},"end":{"line":467,"column":77}},"52":{"start":{"line":469,"column":8},"end":{"line":469,"column":17265}},"53":{"start":{"line":473,"column":8},"end":{"line":473,"column":17400}},"54":{"start":{"line":478,"column":8},"end":{"line":478,"column":17548}},"55":{"start":{"line":483,"column":8},"end":{"line":483,"column":40}},"56":{"start":{"line":501,"column":8},"end":{"line":501,"column":18365}},"57":{"start":{"line":506,"column":8},"end":{"line":506,"column":99}},"58":{"start":{"line":519,"column":8},"end":{"line":519,"column":19016}},"59":{"start":{"line":525,"column":8},"end":{"line":525,"column":19169}},"60":{"start":{"line":549,"column":8},"end":{"line":549,"column":78}},"61":{"start":{"line":566,"column":8},"end":{"line":566,"column":87}},"62":{"start":{"line":569,"column":8},"end":{"line":569,"column":77}},"63":{"start":{"line":587,"column":8},"end":{"line":587,"column":71}},"64":{"start":{"line":605,"column":8},"end":{"line":605,"column":46}},"65":{"start":{"line":608,"column":8},"end":{"line":608,"column":82}},"66":{"start":{"line":609,"column":8},"end":{"line":609,"column":75}},"67":{"start":{"line":627,"column":8},"end":{"line":627,"column":60}},"68":{"start":{"line":655,"column":8},"end":{"line":655,"column":79}},"69":{"start":{"line":668,"column":8},"end":{"line":668,"column":28}},"70":{"start":{"line":683,"column":8},"end":{"line":683,"column":49}},"71":{"start":{"line":693,"column":8},"end":{"line":693,"column":47}},"72":{"start":{"line":694,"column":8},"end":{"line":694,"column":47}},"73":{"start":{"line":695,"column":8},"end":{"line":695,"column":41}},"74":{"start":{"line":724,"column":8},"end":{"line":724,"column":93}},"75":{"start":{"line":725,"column":8},"end":{"line":725,"column":68}},"76":{"start":{"line":729,"column":8},"end":{"line":729,"column":25887}},"77":{"start":{"line":731,"column":12},"end":{"line":731,"column":56}},"78":{"start":{"line":733,"column":12},"end":{"line":733,"column":85}},"79":{"start":{"line":734,"column":12},"end":{"line":734,"column":26190}},"80":{"start":{"line":735,"column":16},"end":{"line":735,"column":60}},"81":{"start":{"line":755,"column":8},"end":{"line":755,"column":62}},"82":{"start":{"line":756,"column":8},"end":{"line":756,"column":117}},"83":{"start":{"line":757,"column":8},"end":{"line":757,"column":75}},"84":{"start":{"line":773,"column":8},"end":{"line":773,"column":29}},"85":{"start":{"line":789,"column":8},"end":{"line":789,"column":28101}},"86":{"start":{"line":791,"column":15},"end":{"line":791,"column":28266}},"87":{"start":{"line":795,"column":8},"end":{"line":795,"column":28443}},"88":{"start":{"line":796,"column":12},"end":{"line":796,"column":76}},"89":{"start":{"line":797,"column":12},"end":{"line":797,"column":28587}},"90":{"start":{"line":813,"column":8},"end":{"line":813,"column":29059}},"91":{"start":{"line":826,"column":8},"end":{"line":826,"column":82}},"92":{"start":{"line":833,"column":8},"end":{"line":833,"column":29792}},"93":{"start":{"line":841,"column":8},"end":{"line":841,"column":30044}}},"branchMap":{"1":{"line":166,"type":"if","locations":[{"start":{"line":166,"column":8},"end":{"line":166,"column":8}},{"start":{"line":166,"column":8},"end":{"line":166,"column":8}}]},"2":{"line":166,"type":"cond-expr","locations":[{"start":{"line":166,"column":12},"end":{"line":166,"column":42}},{"start":{"line":167,"column":12},"end":{"line":167,"column":32}}]},"3":{"line":193,"type":"if","locations":[{"start":{"line":193,"column":17},"end":{"line":193,"column":17}},{"start":{"line":193,"column":17},"end":{"line":193,"column":17}}]},"4":{"line":193,"type":"if","locations":[{"start":{"line":193,"column":29},"end":{"line":193,"column":29}},{"start":{"line":193,"column":29},"end":{"line":193,"column":29}}]},"5":{"line":203,"type":"if","locations":[{"start":{"line":203,"column":8},"end":{"line":203,"column":8}},{"start":{"line":203,"column":8},"end":{"line":203,"column":8}}]},"6":{"line":226,"type":"if","locations":[{"start":{"line":226,"column":8},"end":{"line":226,"column":8}},{"start":{"line":226,"column":8},"end":{"line":226,"column":8}}]},"7":{"line":227,"type":"if","locations":[{"start":{"line":227,"column":8},"end":{"line":227,"column":8}},{"start":{"line":227,"column":8},"end":{"line":227,"column":8}}]},"8":{"line":260,"type":"if","locations":[{"start":{"line":260,"column":8},"end":{"line":260,"column":8}},{"start":{"line":260,"column":8},"end":{"line":260,"column":8}}]},"9":{"line":286,"type":"if","locations":[{"start":{"line":286,"column":12},"end":{"line":286,"column":12}},{"start":{"line":286,"column":12},"end":{"line":286,"column":12}}]},"10":{"line":339,"type":"if","locations":[{"start":{"line":339,"column":17},"end":{"line":339,"column":17}},{"start":{"line":339,"column":17},"end":{"line":339,"column":17}}]},"11":{"line":396,"type":"if","locations":[{"start":{"line":396,"column":15},"end":{"line":396,"column":15}},{"start":{"line":396,"column":15},"end":{"line":396,"column":15}}]},"12":{"line":406,"type":"if","locations":[{"start":{"line":406,"column":8},"end":{"line":406,"column":8}},{"start":{"line":406,"column":8},"end":{"line":406,"column":8}}]},"13":{"line":414,"type":"if","locations":[{"start":{"line":414,"column":8},"end":{"line":414,"column":8}},{"start":{"line":414,"column":8},"end":{"line":414,"column":8}}]},"14":{"line":422,"type":"if","locations":[{"start":{"line":422,"column":8},"end":{"line":422,"column":8}},{"start":{"line":422,"column":8},"end":{"line":422,"column":8}}]},"15":{"line":442,"type":"if","locations":[{"start":{"line":442,"column":17},"end":{"line":442,"column":17}},{"start":{"line":442,"column":17},"end":{"line":442,"column":17}}]},"16":{"line":462,"type":"if","locations":[{"start":{"line":462,"column":15},"end":{"line":462,"column":15}},{"start":{"line":462,"column":15},"end":{"line":462,"column":15}}]},"17":{"line":473,"type":"if","locations":[{"start":{"line":473,"column":8},"end":{"line":473,"column":8}},{"start":{"line":473,"column":8},"end":{"line":473,"column":8}}]},"18":{"line":499,"type":"if","locations":[{"start":{"line":499,"column":17},"end":{"line":499,"column":17}},{"start":{"line":499,"column":17},"end":{"line":499,"column":17}}]},"19":{"line":501,"type":"if","locations":[{"start":{"line":501,"column":8},"end":{"line":501,"column":8}},{"start":{"line":501,"column":8},"end":{"line":501,"column":8}}]},"20":{"line":501,"type":"cond-expr","locations":[{"start":{"line":501,"column":12},"end":{"line":501,"column":56}},{"start":{"line":502,"column":12},"end":{"line":502,"column":63}}]},"21":{"line":517,"type":"if","locations":[{"start":{"line":517,"column":17},"end":{"line":517,"column":17}},{"start":{"line":517,"column":17},"end":{"line":517,"column":17}}]},"22":{"line":519,"type":"if","locations":[{"start":{"line":519,"column":8},"end":{"line":519,"column":8}},{"start":{"line":519,"column":8},"end":{"line":519,"column":8}}]},"23":{"line":519,"type":"cond-expr","locations":[{"start":{"line":519,"column":12},"end":{"line":519,"column":56}},{"start":{"line":520,"column":12},"end":{"line":520,"column":64}}]},"24":{"line":545,"type":"if","locations":[{"start":{"line":545,"column":17},"end":{"line":545,"column":17}},{"start":{"line":545,"column":17},"end":{"line":545,"column":17}}]},"25":{"line":564,"type":"if","locations":[{"start":{"line":564,"column":17},"end":{"line":564,"column":17}},{"start":{"line":564,"column":17},"end":{"line":564,"column":17}}]},"26":{"line":566,"type":"if","locations":[{"start":{"line":566,"column":8},"end":{"line":566,"column":8}},{"start":{"line":566,"column":8},"end":{"line":566,"column":8}}]},"27":{"line":583,"type":"if","locations":[{"start":{"line":583,"column":17},"end":{"line":583,"column":17}},{"start":{"line":583,"column":17},"end":{"line":583,"column":17}}]},"28":{"line":603,"type":"if","locations":[{"start":{"line":603,"column":17},"end":{"line":603,"column":17}},{"start":{"line":603,"column":17},"end":{"line":603,"column":17}}]},"29":{"line":625,"type":"if","locations":[{"start":{"line":625,"column":17},"end":{"line":625,"column":17}},{"start":{"line":625,"column":17},"end":{"line":625,"column":17}}]},"30":{"line":634,"type":"if","locations":[{"start":{"line":634,"column":58},"end":{"line":634,"column":58}},{"start":{"line":634,"column":58},"end":{"line":634,"column":58}}]},"31":{"line":701,"type":"if","locations":[{"start":{"line":701,"column":8},"end":{"line":701,"column":8}},{"start":{"line":701,"column":8},"end":{"line":701,"column":8}}]},"32":{"line":724,"type":"if","locations":[{"start":{"line":724,"column":60},"end":{"line":724,"column":74}},{"start":{"line":724,"column":78},"end":{"line":724,"column":92}}]},"33":{"line":725,"type":"if","locations":[{"start":{"line":725,"column":8},"end":{"line":725,"column":8}},{"start":{"line":725,"column":8},"end":{"line":725,"column":8}}]},"34":{"line":729,"type":"if","locations":[{"start":{"line":729,"column":8},"end":{"line":729,"column":8}},{"start":{"line":729,"column":8},"end":{"line":729,"column":8}}]},"35":{"line":734,"type":"if","locations":[{"start":{"line":734,"column":12},"end":{"line":734,"column":12}},{"start":{"line":734,"column":12},"end":{"line":734,"column":12}}]},"36":{"line":789,"type":"if","locations":[{"start":{"line":789,"column":8},"end":{"line":789,"column":8}},{"start":{"line":789,"column":8},"end":{"line":789,"column":8}}]},"37":{"line":791,"type":"if","locations":[{"start":{"line":791,"column":15},"end":{"line":791,"column":15}},{"start":{"line":791,"column":15},"end":{"line":791,"column":15}}]},"38":{"line":797,"type":"if","locations":[{"start":{"line":797,"column":12},"end":{"line":797,"column":12}},{"start":{"line":797,"column":12},"end":{"line":797,"column":12}}]},"39":{"line":813,"type":"if","locations":[{"start":{"line":813,"column":8},"end":{"line":813,"column":8}},{"start":{"line":813,"column":8},"end":{"line":813,"column":8}}]},"40":{"line":813,"type":"cond-expr","locations":[{"start":{"line":813,"column":12},"end":{"line":813,"column":61}},{"start":{"line":813,"column":66},"end":{"line":813,"column":122}}]},"41":{"line":826,"type":"if","locations":[{"start":{"line":826,"column":8},"end":{"line":826,"column":8}},{"start":{"line":826,"column":8},"end":{"line":826,"column":8}}]},"42":{"line":833,"type":"if","locations":[{"start":{"line":833,"column":8},"end":{"line":833,"column":8}},{"start":{"line":833,"column":8},"end":{"line":833,"column":8}}]},"43":{"line":841,"type":"if","locations":[{"start":{"line":841,"column":8},"end":{"line":841,"column":8}},{"start":{"line":841,"column":8},"end":{"line":841,"column":8}}]}}},"contracts/JasmineRetirementService.sol":{"l":{"55":9,"56":9,"60":9,"62":9,"63":9,"64":9,"66":9,"87":4,"89":4,"90":4,"91":4,"93":0,"97":0,"100":4,"116":2,"118":2,"119":2,"120":2,"122":0,"126":0,"129":2,"151":0,"189":4,"192":4,"193":4,"195":0,"197":0,"201":4,"202":1,"204":1,"206":1,"207":1,"209":1,"212":4,"213":4,"234":2,"237":2,"238":2,"240":0,"242":0,"246":2,"247":2,"249":2,"252":2,"253":0,"254":0,"256":0,"258":2,"259":2,"265":2,"270":2,"279":3,"298":2,"299":2,"301":0,"321":4,"322":4,"323":0,"324":0,"325":0,"327":0,"337":6,"338":6},"path":"/Users/kaialdag/Desktop/dev/jasmine/v1-pools-contracts/contracts/JasmineRetirementService.sol","s":{"1":9,"2":9,"3":9,"4":9,"5":9,"6":4,"7":4,"8":4,"9":4,"10":0,"11":0,"12":4,"13":2,"14":2,"15":2,"16":2,"17":0,"18":0,"19":2,"20":0,"21":4,"22":4,"23":0,"24":0,"25":4,"26":1,"27":1,"28":0,"29":4,"30":4,"31":2,"32":2,"33":0,"34":0,"35":2,"36":2,"37":2,"38":0,"39":0,"40":2,"41":2,"42":3,"43":2,"44":2,"45":0,"46":4,"47":4,"48":0,"49":0,"50":6},"b":{"1":[9,0],"2":[9,0],"3":[4,0],"4":[4,0],"5":[4,0],"6":[2,0],"7":[2,0],"8":[2,0],"9":[0,0],"10":[0,4],"11":[4,0],"12":[0,0],"13":[0,0],"14":[1,3],"15":[0,1],"16":[0,2],"17":[0,0],"18":[2,0],"19":[0,0],"20":[0,0],"21":[2,0],"22":[0,2],"23":[0,0],"24":[0,2],"25":[0,4],"26":[0,6]},"f":{"1":9,"2":9,"3":4,"4":2,"5":0,"6":0,"7":4,"8":2,"9":3,"10":2,"11":4,"12":6},"fnMap":{"1":{"name":"constructor","line":54,"loc":{"start":{"line":54,"column":4},"end":{"line":57,"column":4}}},"2":{"name":"initialize","line":59,"loc":{"start":{"line":59,"column":4},"end":{"line":67,"column":4}}},"3":{"name":"onERC1155Received","line":83,"loc":{"start":{"line":75,"column":4},"end":{"line":101,"column":4}}},"4":{"name":"onERC1155BatchReceived","line":112,"loc":{"start":{"line":104,"column":4},"end":{"line":130,"column":4}}},"5":{"name":"registerRetirementRecipient","line":147,"loc":{"start":{"line":147,"column":4},"end":{"line":156,"column":4}}},"6":{"name":"_authorizeUpgrade","line":164,"loc":{"start":{"line":164,"column":4},"end":{"line":164,"column":69}}},"7":{"name":"_executeRetirement","line":180,"loc":{"start":{"line":180,"column":4},"end":{"line":214,"column":4}}},"8":{"name":"_executeRetirement","line":225,"loc":{"start":{"line":225,"column":4},"end":{"line":271,"column":4}}},"9":{"name":"_executeFractionalRetirement","line":278,"loc":{"start":{"line":278,"column":4},"end":{"line":280,"column":4}}},"10":{"name":"_notifyRetirementRecipient","line":293,"loc":{"start":{"line":293,"column":4},"end":{"line":305,"column":4}}},"11":{"name":"_notifyRetirementRecipient","line":316,"loc":{"start":{"line":316,"column":4},"end":{"line":331,"column":4}}},"12":{"name":"onlyEAT","line":336,"loc":{"start":{"line":336,"column":4},"end":{"line":339,"column":4}}}},"statementMap":{"1":{"start":{"line":60,"column":8},"end":{"line":60,"column":33}},"2":{"start":{"line":62,"column":8},"end":{"line":62,"column":31}},"3":{"start":{"line":63,"column":8},"end":{"line":63,"column":28}},"4":{"start":{"line":64,"column":8},"end":{"line":64,"column":31}},"5":{"start":{"line":66,"column":8},"end":{"line":66,"column":51}},"6":{"start":{"line":87,"column":8},"end":{"line":87,"column":3224}},"7":{"start":{"line":89,"column":12},"end":{"line":89,"column":90}},"8":{"start":{"line":90,"column":12},"end":{"line":90,"column":3450}},"9":{"start":{"line":91,"column":16},"end":{"line":91,"column":77}},"10":{"start":{"line":93,"column":16},"end":{"line":93,"column":49}},"11":{"start":{"line":97,"column":12},"end":{"line":97,"column":103}},"12":{"start":{"line":100,"column":8},"end":{"line":100,"column":46}},"13":{"start":{"line":116,"column":8},"end":{"line":116,"column":4274}},"14":{"start":{"line":118,"column":12},"end":{"line":118,"column":90}},"15":{"start":{"line":119,"column":12},"end":{"line":119,"column":4500}},"16":{"start":{"line":120,"column":16},"end":{"line":120,"column":79}},"17":{"start":{"line":122,"column":16},"end":{"line":122,"column":56}},"18":{"start":{"line":126,"column":12},"end":{"line":126,"column":105}},"19":{"start":{"line":129,"column":8},"end":{"line":129,"column":51}},"20":{"start":{"line":151,"column":8},"end":{"line":151,"column":5744}},"21":{"start":{"line":189,"column":8},"end":{"line":189,"column":60}},"22":{"start":{"line":192,"column":8},"end":{"line":192,"column":7220}},"23":{"start":{"line":194,"column":15},"end":{"line":194,"column":7324}},"24":{"start":{"line":196,"column":15},"end":{"line":196,"column":7419}},"25":{"start":{"line":201,"column":8},"end":{"line":201,"column":7603}},"26":{"start":{"line":202,"column":12},"end":{"line":202,"column":48}},"27":{"start":{"line":204,"column":12},"end":{"line":204,"column":35}},"28":{"start":{"line":204,"column":29},"end":{"line":204,"column":35}},"29":{"start":{"line":212,"column":8},"end":{"line":212,"column":41}},"30":{"start":{"line":213,"column":8},"end":{"line":213,"column":63}},"31":{"start":{"line":234,"column":8},"end":{"line":234,"column":106}},"32":{"start":{"line":237,"column":8},"end":{"line":237,"column":8735}},"33":{"start":{"line":239,"column":15},"end":{"line":239,"column":8839}},"34":{"start":{"line":241,"column":15},"end":{"line":241,"column":8934}},"35":{"start":{"line":246,"column":8},"end":{"line":246,"column":9123}},"36":{"start":{"line":247,"column":12},"end":{"line":247,"column":52}},"37":{"start":{"line":252,"column":12},"end":{"line":252,"column":9351}},"38":{"start":{"line":256,"column":16},"end":{"line":256,"column":48}},"39":{"start":{"line":256,"column":42},"end":{"line":256,"column":48}},"40":{"start":{"line":265,"column":8},"end":{"line":265,"column":9821}},"41":{"start":{"line":270,"column":8},"end":{"line":270,"column":65}},"42":{"start":{"line":279,"column":8},"end":{"line":279,"column":73}},"43":{"start":{"line":298,"column":8},"end":{"line":298,"column":119}},"44":{"start":{"line":299,"column":8},"end":{"line":299,"column":11024}},"45":{"start":{"line":301,"column":12},"end":{"line":301,"column":11133}},"46":{"start":{"line":321,"column":8},"end":{"line":321,"column":119}},"47":{"start":{"line":322,"column":8},"end":{"line":322,"column":11927}},"48":{"start":{"line":323,"column":12},"end":{"line":323,"column":104}},"49":{"start":{"line":327,"column":12},"end":{"line":327,"column":12210}},"50":{"start":{"line":337,"column":8},"end":{"line":337,"column":73}}},"branchMap":{"1":{"line":59,"type":"if","locations":[{"start":{"line":59,"column":49},"end":{"line":59,"column":49}},{"start":{"line":59,"column":49},"end":{"line":59,"column":49}}]},"2":{"line":59,"type":"if","locations":[{"start":{"line":59,"column":61},"end":{"line":59,"column":61}},{"start":{"line":59,"column":61},"end":{"line":59,"column":61}}]},"3":{"line":83,"type":"if","locations":[{"start":{"line":83,"column":8},"end":{"line":83,"column":8}},{"start":{"line":83,"column":8},"end":{"line":83,"column":8}}]},"4":{"line":87,"type":"if","locations":[{"start":{"line":87,"column":8},"end":{"line":87,"column":8}},{"start":{"line":87,"column":8},"end":{"line":87,"column":8}}]},"5":{"line":90,"type":"if","locations":[{"start":{"line":90,"column":12},"end":{"line":90,"column":12}},{"start":{"line":90,"column":12},"end":{"line":90,"column":12}}]},"6":{"line":112,"type":"if","locations":[{"start":{"line":112,"column":8},"end":{"line":112,"column":8}},{"start":{"line":112,"column":8},"end":{"line":112,"column":8}}]},"7":{"line":116,"type":"if","locations":[{"start":{"line":116,"column":8},"end":{"line":116,"column":8}},{"start":{"line":116,"column":8},"end":{"line":116,"column":8}}]},"8":{"line":119,"type":"if","locations":[{"start":{"line":119,"column":12},"end":{"line":119,"column":12}},{"start":{"line":119,"column":12},"end":{"line":119,"column":12}}]},"9":{"line":164,"type":"if","locations":[{"start":{"line":164,"column":58},"end":{"line":164,"column":58}},{"start":{"line":164,"column":58},"end":{"line":164,"column":58}}]},"10":{"line":189,"type":"if","locations":[{"start":{"line":189,"column":8},"end":{"line":189,"column":8}},{"start":{"line":189,"column":8},"end":{"line":189,"column":8}}]},"11":{"line":192,"type":"if","locations":[{"start":{"line":192,"column":8},"end":{"line":192,"column":8}},{"start":{"line":192,"column":8},"end":{"line":192,"column":8}}]},"12":{"line":194,"type":"if","locations":[{"start":{"line":194,"column":15},"end":{"line":194,"column":15}},{"start":{"line":194,"column":15},"end":{"line":194,"column":15}}]},"13":{"line":196,"type":"if","locations":[{"start":{"line":196,"column":15},"end":{"line":196,"column":15}},{"start":{"line":196,"column":15},"end":{"line":196,"column":15}}]},"14":{"line":201,"type":"if","locations":[{"start":{"line":201,"column":8},"end":{"line":201,"column":8}},{"start":{"line":201,"column":8},"end":{"line":201,"column":8}}]},"15":{"line":204,"type":"if","locations":[{"start":{"line":204,"column":12},"end":{"line":204,"column":12}},{"start":{"line":204,"column":12},"end":{"line":204,"column":12}}]},"16":{"line":234,"type":"if","locations":[{"start":{"line":234,"column":8},"end":{"line":234,"column":8}},{"start":{"line":234,"column":8},"end":{"line":234,"column":8}}]},"17":{"line":234,"type":"cond-expr","locations":[{"start":{"line":234,"column":12},"end":{"line":234,"column":44}},{"start":{"line":234,"column":49},"end":{"line":234,"column":68}}]},"18":{"line":237,"type":"if","locations":[{"start":{"line":237,"column":8},"end":{"line":237,"column":8}},{"start":{"line":237,"column":8},"end":{"line":237,"column":8}}]},"19":{"line":239,"type":"if","locations":[{"start":{"line":239,"column":15},"end":{"line":239,"column":15}},{"start":{"line":239,"column":15},"end":{"line":239,"column":15}}]},"20":{"line":241,"type":"if","locations":[{"start":{"line":241,"column":15},"end":{"line":241,"column":15}},{"start":{"line":241,"column":15},"end":{"line":241,"column":15}}]},"21":{"line":246,"type":"if","locations":[{"start":{"line":246,"column":8},"end":{"line":246,"column":8}},{"start":{"line":246,"column":8},"end":{"line":246,"column":8}}]},"22":{"line":252,"type":"if","locations":[{"start":{"line":252,"column":12},"end":{"line":252,"column":12}},{"start":{"line":252,"column":12},"end":{"line":252,"column":12}}]},"23":{"line":256,"type":"if","locations":[{"start":{"line":256,"column":16},"end":{"line":256,"column":16}},{"start":{"line":256,"column":16},"end":{"line":256,"column":16}}]},"24":{"line":299,"type":"if","locations":[{"start":{"line":299,"column":8},"end":{"line":299,"column":8}},{"start":{"line":299,"column":8},"end":{"line":299,"column":8}}]},"25":{"line":322,"type":"if","locations":[{"start":{"line":322,"column":8},"end":{"line":322,"column":8}},{"start":{"line":322,"column":8},"end":{"line":322,"column":8}}]},"26":{"line":337,"type":"if","locations":[{"start":{"line":337,"column":8},"end":{"line":337,"column":8}},{"start":{"line":337,"column":8},"end":{"line":337,"column":8}}]}}},"contracts/libraries/ArrayUtils.sol":{"l":{"29":4,"30":4,"32":4,"51":10,"52":10,"53":24,"55":24,"76":0,"78":0,"81":0,"134":0},"path":"/Users/kaialdag/Desktop/dev/jasmine/v1-pools-contracts/contracts/libraries/ArrayUtils.sol","s":{"1":4,"2":10,"3":0,"4":0,"5":0},"b":{"1":[0,0],"2":[0,0]},"f":{"1":4,"2":10,"3":0},"fnMap":{"1":{"name":"sum","line":25,"loc":{"start":{"line":25,"column":4},"end":{"line":34,"column":4}}},"2":{"name":"fill","line":44,"loc":{"start":{"line":44,"column":4},"end":{"line":57,"column":4}}},"3":{"name":"slice","line":68,"loc":{"start":{"line":68,"column":4},"end":{"line":135,"column":4}}}},"statementMap":{"1":{"start":{"line":29,"column":8},"end":{"line":29,"column":745}},"2":{"start":{"line":52,"column":8},"end":{"line":52,"column":1415}},"3":{"start":{"line":76,"column":8},"end":{"line":76,"column":113}},"4":{"start":{"line":78,"column":8},"end":{"line":78,"column":30}},"5":{"start":{"line":134,"column":8},"end":{"line":134,"column":24}}},"branchMap":{"1":{"line":76,"type":"if","locations":[{"start":{"line":76,"column":8},"end":{"line":76,"column":8}},{"start":{"line":76,"column":8},"end":{"line":76,"column":8}}]},"2":{"line":76,"type":"cond-expr","locations":[{"start":{"line":76,"column":12},"end":{"line":76,"column":35}},{"start":{"line":76,"column":40},"end":{"line":76,"column":71}}]}}},"contracts/libraries/Calldata.sol":{"l":{"50":6,"60":3,"72":0,"87":6,"88":6,"89":6,"104":0,"105":0,"106":0},"path":"/Users/kaialdag/Desktop/dev/jasmine/v1-pools-contracts/contracts/libraries/Calldata.sol","s":{"1":6,"2":3,"3":0,"4":6,"5":6,"6":6,"7":0,"8":0,"9":0},"b":{"1":[0,6],"2":[3,3],"3":[0,0]},"f":{"1":6,"2":3,"3":0,"4":6,"5":0},"fnMap":{"1":{"name":"encodeRetirementData","line":46,"loc":{"start":{"line":46,"column":4},"end":{"line":51,"column":4}}},"2":{"name":"encodeFractionalRetirementData","line":56,"loc":{"start":{"line":56,"column":4},"end":{"line":61,"column":4}}},"3":{"name":"encodeBridgeOffData","line":68,"loc":{"start":{"line":68,"column":4},"end":{"line":73,"column":4}}},"4":{"name":"isRetirementOperation","line":83,"loc":{"start":{"line":83,"column":4},"end":{"line":93,"column":4}}},"5":{"name":"isBridgeOffOperation","line":100,"loc":{"start":{"line":100,"column":4},"end":{"line":107,"column":4}}}},"statementMap":{"1":{"start":{"line":50,"column":8},"end":{"line":50,"column":96}},"2":{"start":{"line":60,"column":8},"end":{"line":60,"column":51}},"3":{"start":{"line":72,"column":8},"end":{"line":72,"column":51}},"4":{"start":{"line":87,"column":8},"end":{"line":87,"column":65}},"5":{"start":{"line":88,"column":8},"end":{"line":88,"column":31}},"6":{"start":{"line":89,"column":8},"end":{"line":89,"column":3128}},"7":{"start":{"line":104,"column":8},"end":{"line":104,"column":65}},"8":{"start":{"line":105,"column":8},"end":{"line":105,"column":31}},"9":{"start":{"line":106,"column":8},"end":{"line":106,"column":38}}},"branchMap":{"1":{"line":87,"type":"if","locations":[{"start":{"line":87,"column":8},"end":{"line":87,"column":8}},{"start":{"line":87,"column":8},"end":{"line":87,"column":8}}]},"2":{"line":90,"type":"cond-expr","locations":[{"start":{"line":90,"column":12},"end":{"line":90,"column":34}},{"start":{"line":90,"column":39},"end":{"line":90,"column":72}}]},"3":{"line":104,"type":"if","locations":[{"start":{"line":104,"column":8},"end":{"line":104,"column":8}},{"start":{"line":104,"column":8},"end":{"line":104,"column":8}}]}}},"contracts/libraries/PoolPolicy.sol":{"l":{"69":45,"72":2,"75":43,"77":3,"80":40,"82":0,"85":40,"87":0,"90":40,"92":0,"95":40},"path":"/Users/kaialdag/Desktop/dev/jasmine/v1-pools-contracts/contracts/libraries/PoolPolicy.sol","s":{"1":45,"2":2,"3":43,"4":3,"5":40,"6":0,"7":40,"8":0,"9":40,"10":0,"11":40},"b":{"1":[2,43],"2":[3,40],"3":[0,40],"4":[0,40],"5":[0,40]},"f":{"1":45},"fnMap":{"1":{"name":"meetsPolicy","line":60,"loc":{"start":{"line":60,"column":4},"end":{"line":96,"column":4}}}},"statementMap":{"1":{"start":{"line":69,"column":8},"end":{"line":69,"column":2386}},"2":{"start":{"line":72,"column":12},"end":{"line":72,"column":24}},"3":{"start":{"line":75,"column":8},"end":{"line":75,"column":2685}},"4":{"start":{"line":77,"column":12},"end":{"line":77,"column":24}},"5":{"start":{"line":80,"column":8},"end":{"line":80,"column":2887}},"6":{"start":{"line":82,"column":12},"end":{"line":82,"column":24}},"7":{"start":{"line":85,"column":8},"end":{"line":85,"column":3107}},"8":{"start":{"line":87,"column":12},"end":{"line":87,"column":24}},"9":{"start":{"line":90,"column":8},"end":{"line":90,"column":3340}},"10":{"start":{"line":92,"column":12},"end":{"line":92,"column":24}},"11":{"start":{"line":95,"column":8},"end":{"line":95,"column":19}}},"branchMap":{"1":{"line":69,"type":"if","locations":[{"start":{"line":69,"column":8},"end":{"line":69,"column":8}},{"start":{"line":69,"column":8},"end":{"line":69,"column":8}}]},"2":{"line":75,"type":"if","locations":[{"start":{"line":75,"column":8},"end":{"line":75,"column":8}},{"start":{"line":75,"column":8},"end":{"line":75,"column":8}}]},"3":{"line":80,"type":"if","locations":[{"start":{"line":80,"column":8},"end":{"line":80,"column":8}},{"start":{"line":80,"column":8},"end":{"line":80,"column":8}}]},"4":{"line":85,"type":"if","locations":[{"start":{"line":85,"column":8},"end":{"line":85,"column":8}},{"start":{"line":85,"column":8},"end":{"line":85,"column":8}}]},"5":{"line":90,"type":"if","locations":[{"start":{"line":90,"column":8},"end":{"line":90,"column":8}},{"start":{"line":90,"column":8},"end":{"line":90,"column":8}}]}}},"contracts/libraries/StructuredLinkedList.sol":{"l":{"29":0,"30":0,"32":0,"43":206,"44":122,"45":28,"47":94,"50":84,"60":5,"70":43,"71":38,"73":5,"85":53,"86":0,"88":53,"99":47,"109":0,"121":0,"122":0,"125":0,"126":0,"127":0,"128":0,"130":0,"141":0,"152":38,"162":29,"163":18,"165":11,"166":11,"167":11,"169":11,"171":11,"181":0,"191":0,"196":6,"197":6,"198":6,"200":0,"210":6,"221":5,"224":5,"225":5,"226":5,"227":5,"228":12,"229":12,"230":12,"233":5,"234":0,"238":5,"239":5,"242":5,"243":5,"245":12,"246":12,"247":12,"251":5,"253":5,"262":0,"273":0,"283":6,"284":6,"285":6,"297":38,"298":38,"299":38,"300":38,"302":38,"304":38,"307":0,"318":92,"319":92},"path":"/Users/kaialdag/Desktop/dev/jasmine/v1-pools-contracts/contracts/libraries/StructuredLinkedList.sol","s":{"1":0,"2":0,"3":0,"4":206,"5":122,"6":28,"7":94,"8":84,"9":5,"10":43,"11":38,"12":5,"13":53,"14":0,"15":53,"16":47,"17":0,"18":0,"19":0,"20":0,"21":0,"22":0,"23":0,"24":38,"25":29,"26":18,"27":11,"28":11,"29":0,"30":0,"31":6,"32":6,"33":6,"34":0,"35":6,"36":5,"37":5,"38":5,"39":5,"40":5,"41":5,"42":5,"43":5,"44":5,"45":5,"46":0,"47":0,"48":6,"49":6,"50":38,"51":38,"52":38,"53":38,"54":38,"55":0},"b":{"1":[0,0],"2":[0,0],"3":[122,84],"4":[28,94],"5":[38,5],"6":[0,53],"7":[0,0],"8":[18,11],"9":[0,18],"10":[6,0],"11":[5,0],"12":[0,5],"13":[5,0],"14":[38,0]},"f":{"1":0,"2":206,"3":5,"4":43,"5":53,"6":47,"7":0,"8":0,"9":0,"10":38,"11":29,"12":0,"13":0,"14":6,"15":6,"16":5,"17":0,"18":0,"19":6,"20":38,"21":92},"fnMap":{"1":{"name":"listExists","line":27,"loc":{"start":{"line":27,"column":4},"end":{"line":34,"column":4}}},"2":{"name":"nodeExists","line":42,"loc":{"start":{"line":42,"column":4},"end":{"line":52,"column":4}}},"3":{"name":"sizeOf","line":59,"loc":{"start":{"line":59,"column":4},"end":{"line":61,"column":4}}},"4":{"name":"getNode","line":69,"loc":{"start":{"line":69,"column":4},"end":{"line":75,"column":4}}},"5":{"name":"getAdjacent","line":84,"loc":{"start":{"line":84,"column":4},"end":{"line":90,"column":4}}},"6":{"name":"getNextNode","line":98,"loc":{"start":{"line":98,"column":4},"end":{"line":100,"column":4}}},"7":{"name":"getPreviousNode","line":108,"loc":{"start":{"line":108,"column":4},"end":{"line":110,"column":4}}},"8":{"name":"getSortedSpot","line":120,"loc":{"start":{"line":120,"column":4},"end":{"line":131,"column":4}}},"9":{"name":"insertAfter","line":140,"loc":{"start":{"line":140,"column":4},"end":{"line":142,"column":4}}},"10":{"name":"insertBefore","line":151,"loc":{"start":{"line":151,"column":4},"end":{"line":153,"column":4}}},"11":{"name":"remove","line":161,"loc":{"start":{"line":161,"column":4},"end":{"line":172,"column":4}}},"12":{"name":"pushFront","line":180,"loc":{"start":{"line":180,"column":4},"end":{"line":182,"column":4}}},"13":{"name":"pushBack","line":190,"loc":{"start":{"line":190,"column":4},"end":{"line":192,"column":4}}},"14":{"name":"front","line":195,"loc":{"start":{"line":195,"column":4},"end":{"line":202,"column":4}}},"15":{"name":"popFront","line":209,"loc":{"start":{"line":209,"column":4},"end":{"line":211,"column":4}}},"16":{"name":"popFront","line":220,"loc":{"start":{"line":220,"column":4},"end":{"line":254,"column":4}}},"17":{"name":"popBack","line":261,"loc":{"start":{"line":261,"column":4},"end":{"line":263,"column":4}}},"18":{"name":"_push","line":272,"loc":{"start":{"line":272,"column":4},"end":{"line":274,"column":4}}},"19":{"name":"_pop","line":282,"loc":{"start":{"line":282,"column":4},"end":{"line":286,"column":4}}},"20":{"name":"_insert","line":296,"loc":{"start":{"line":296,"column":4},"end":{"line":308,"column":4}}},"21":{"name":"_createLink","line":317,"loc":{"start":{"line":317,"column":4},"end":{"line":320,"column":4}}}},"statementMap":{"1":{"start":{"line":29,"column":8},"end":{"line":29,"column":926}},"2":{"start":{"line":30,"column":12},"end":{"line":30,"column":23}},"3":{"start":{"line":32,"column":12},"end":{"line":32,"column":24}},"4":{"start":{"line":43,"column":8},"end":{"line":43,"column":1388}},"5":{"start":{"line":44,"column":12},"end":{"line":44,"column":1480}},"6":{"start":{"line":45,"column":16},"end":{"line":45,"column":27}},"7":{"start":{"line":47,"column":16},"end":{"line":47,"column":28}},"8":{"start":{"line":50,"column":12},"end":{"line":50,"column":23}},"9":{"start":{"line":60,"column":8},"end":{"line":60,"column":24}},"10":{"start":{"line":70,"column":8},"end":{"line":70,"column":2297}},"11":{"start":{"line":71,"column":12},"end":{"line":71,"column":32}},"12":{"start":{"line":73,"column":12},"end":{"line":73,"column":75}},"13":{"start":{"line":85,"column":8},"end":{"line":85,"column":2922}},"14":{"start":{"line":86,"column":12},"end":{"line":86,"column":29}},"15":{"start":{"line":88,"column":12},"end":{"line":88,"column":55}},"16":{"start":{"line":99,"column":8},"end":{"line":99,"column":46}},"17":{"start":{"line":109,"column":8},"end":{"line":109,"column":46}},"18":{"start":{"line":121,"column":8},"end":{"line":121,"column":4449}},"19":{"start":{"line":122,"column":12},"end":{"line":122,"column":20}},"20":{"start":{"line":125,"column":8},"end":{"line":125,"column":20}},"21":{"start":{"line":127,"column":8},"end":{"line":127,"column":4589}},"22":{"start":{"line":130,"column":8},"end":{"line":130,"column":19}},"23":{"start":{"line":141,"column":8},"end":{"line":141,"column":48}},"24":{"start":{"line":152,"column":8},"end":{"line":152,"column":48}},"25":{"start":{"line":162,"column":8},"end":{"line":162,"column":5885}},"26":{"start":{"line":163,"column":12},"end":{"line":163,"column":20}},"27":{"start":{"line":165,"column":8},"end":{"line":165,"column":81}},"28":{"start":{"line":171,"column":8},"end":{"line":171,"column":20}},"29":{"start":{"line":181,"column":8},"end":{"line":181,"column":40}},"30":{"start":{"line":191,"column":8},"end":{"line":191,"column":40}},"31":{"start":{"line":196,"column":8},"end":{"line":196,"column":62}},"32":{"start":{"line":197,"column":8},"end":{"line":197,"column":7181}},"33":{"start":{"line":198,"column":12},"end":{"line":198,"column":23}},"34":{"start":{"line":200,"column":12},"end":{"line":200,"column":20}},"35":{"start":{"line":210,"column":8},"end":{"line":210,"column":32}},"36":{"start":{"line":221,"column":8},"end":{"line":221,"column":38}},"37":{"start":{"line":224,"column":8},"end":{"line":224,"column":54}},"38":{"start":{"line":225,"column":8},"end":{"line":225,"column":51}},"39":{"start":{"line":226,"column":8},"end":{"line":226,"column":17}},"40":{"start":{"line":227,"column":8},"end":{"line":227,"column":8192}},"41":{"start":{"line":233,"column":8},"end":{"line":233,"column":8326}},"42":{"start":{"line":238,"column":8},"end":{"line":238,"column":8469}},"43":{"start":{"line":239,"column":12},"end":{"line":239,"column":48}},"44":{"start":{"line":243,"column":8},"end":{"line":243,"column":8633}},"45":{"start":{"line":253,"column":8},"end":{"line":253,"column":20}},"46":{"start":{"line":262,"column":8},"end":{"line":262,"column":32}},"47":{"start":{"line":273,"column":8},"end":{"line":273,"column":54}},"48":{"start":{"line":283,"column":8},"end":{"line":283,"column":19}},"49":{"start":{"line":285,"column":8},"end":{"line":285,"column":32}},"50":{"start":{"line":297,"column":8},"end":{"line":297,"column":10536}},"51":{"start":{"line":298,"column":12},"end":{"line":298,"column":52}},"52":{"start":{"line":299,"column":12},"end":{"line":299,"column":53}},"53":{"start":{"line":300,"column":12},"end":{"line":300,"column":49}},"54":{"start":{"line":304,"column":12},"end":{"line":304,"column":23}},"55":{"start":{"line":307,"column":8},"end":{"line":307,"column":20}}},"branchMap":{"1":{"line":29,"type":"if","locations":[{"start":{"line":29,"column":8},"end":{"line":29,"column":8}},{"start":{"line":29,"column":8},"end":{"line":29,"column":8}}]},"2":{"line":29,"type":"cond-expr","locations":[{"start":{"line":29,"column":12},"end":{"line":29,"column":43}},{"start":{"line":29,"column":48},"end":{"line":29,"column":79}}]},"3":{"line":43,"type":"if","locations":[{"start":{"line":43,"column":8},"end":{"line":43,"column":8}},{"start":{"line":43,"column":8},"end":{"line":43,"column":8}}]},"4":{"line":44,"type":"if","locations":[{"start":{"line":44,"column":12},"end":{"line":44,"column":12}},{"start":{"line":44,"column":12},"end":{"line":44,"column":12}}]},"5":{"line":70,"type":"if","locations":[{"start":{"line":70,"column":8},"end":{"line":70,"column":8}},{"start":{"line":70,"column":8},"end":{"line":70,"column":8}}]},"6":{"line":85,"type":"if","locations":[{"start":{"line":85,"column":8},"end":{"line":85,"column":8}},{"start":{"line":85,"column":8},"end":{"line":85,"column":8}}]},"7":{"line":121,"type":"if","locations":[{"start":{"line":121,"column":8},"end":{"line":121,"column":8}},{"start":{"line":121,"column":8},"end":{"line":121,"column":8}}]},"8":{"line":162,"type":"if","locations":[{"start":{"line":162,"column":8},"end":{"line":162,"column":8}},{"start":{"line":162,"column":8},"end":{"line":162,"column":8}}]},"9":{"line":162,"type":"cond-expr","locations":[{"start":{"line":162,"column":12},"end":{"line":162,"column":27}},{"start":{"line":162,"column":32},"end":{"line":162,"column":57}}]},"10":{"line":197,"type":"if","locations":[{"start":{"line":197,"column":8},"end":{"line":197,"column":8}},{"start":{"line":197,"column":8},"end":{"line":197,"column":8}}]},"11":{"line":221,"type":"if","locations":[{"start":{"line":221,"column":8},"end":{"line":221,"column":8}},{"start":{"line":221,"column":8},"end":{"line":221,"column":8}}]},"12":{"line":233,"type":"if","locations":[{"start":{"line":233,"column":8},"end":{"line":233,"column":8}},{"start":{"line":233,"column":8},"end":{"line":233,"column":8}}]},"13":{"line":238,"type":"if","locations":[{"start":{"line":238,"column":8},"end":{"line":238,"column":8}},{"start":{"line":238,"column":8},"end":{"line":238,"column":8}}]},"14":{"line":297,"type":"if","locations":[{"start":{"line":297,"column":8},"end":{"line":297,"column":8}},{"start":{"line":297,"column":8},"end":{"line":297,"column":8}}]}}},"contracts/pools/core/implementations/EATManager.sol":{"l":{"80":9,"82":9,"107":33,"109":33,"110":31,"111":31,"113":31,"127":5,"129":5,"130":3,"131":3,"133":3,"141":370,"169":4,"170":4,"171":3,"179":0,"180":0,"212":17,"213":17,"214":12,"215":6,"217":6,"219":12,"221":12,"222":12,"230":5,"231":5,"232":5,"234":5,"235":5,"262":17,"263":17,"264":17,"266":17,"267":24,"269":24,"271":24,"273":24,"274":7,"275":7,"276":7,"279":17,"280":17,"281":17,"282":17,"284":17,"288":17,"306":0,"308":0,"309":0,"310":0,"311":0,"312":0,"314":0,"315":0,"318":0,"319":0,"321":0,"344":38,"345":38,"348":38,"351":38,"352":38,"356":38,"357":38,"373":3,"374":3,"375":7,"376":7,"377":7,"380":3,"400":16,"402":15,"403":15,"404":15,"405":8,"406":8,"408":7,"410":15,"426":5,"428":5,"429":5,"430":12,"432":12,"434":12,"435":12,"436":12,"437":12,"439":0,"442":12,"445":5,"463":4,"465":4,"467":4,"469":4,"470":3,"472":1,"473":1,"474":0,"488":3,"489":3,"491":3,"492":3,"494":1,"495":1,"496":1,"509":4,"510":4,"511":4,"529":104,"536":104,"538":104,"545":5,"546":5,"547":12,"549":12,"550":12,"562":24,"568":24,"575":90,"576":90,"587":21,"592":25,"593":25,"594":24,"599":21,"600":21,"605":38},"path":"/Users/kaialdag/Desktop/dev/jasmine/v1-pools-contracts/contracts/pools/core/implementations/EATManager.sol","s":{"1":33,"2":33,"3":31,"4":31,"5":31,"6":5,"7":5,"8":3,"9":3,"10":3,"11":370,"12":4,"13":4,"14":3,"15":0,"16":0,"17":17,"18":17,"19":12,"20":12,"21":12,"22":5,"23":5,"24":17,"25":17,"26":17,"27":17,"28":24,"29":24,"30":24,"31":0,"32":0,"33":0,"34":0,"35":38,"36":38,"37":38,"38":38,"39":3,"40":7,"41":16,"42":15,"43":15,"44":15,"45":8,"46":5,"47":5,"48":5,"49":12,"50":12,"51":12,"52":12,"53":4,"54":4,"55":4,"56":3,"57":1,"58":1,"59":0,"60":3,"61":3,"62":3,"63":1,"64":4,"65":4,"66":104,"67":104,"68":5,"69":24,"70":21,"71":21,"72":38},"b":{"1":[74,148],"2":[4,0],"3":[4,0],"4":[17,0],"5":[12,5],"6":[6,6],"7":[0,24],"8":[7,17],"9":[38,0],"10":[1,15],"11":[8,7],"12":[0,12],"13":[12,0],"14":[3,1],"15":[0,1],"16":[1,2],"17":[0,1],"18":[0,104],"19":[0,21],"20":[0,38]},"f":{"1":9,"2":33,"3":5,"4":370,"5":4,"6":17,"7":17,"8":0,"9":38,"10":3,"11":16,"12":5,"13":4,"14":3,"15":4,"16":104,"17":5,"18":24,"19":90,"20":21,"21":25,"22":21,"23":38},"fnMap":{"1":{"name":"constructor","line":79,"loc":{"start":{"line":79,"column":4},"end":{"line":83,"column":4}}},"2":{"name":"onERC1155Received","line":97,"loc":{"start":{"line":97,"column":4},"end":{"line":114,"column":4}}},"3":{"name":"onERC1155BatchReceived","line":117,"loc":{"start":{"line":117,"column":4},"end":{"line":134,"column":4}}},"4":{"name":"supportsInterface","line":140,"loc":{"start":{"line":140,"column":4},"end":{"line":143,"column":4}}},"5":{"name":"_transferDeposits","line":167,"loc":{"start":{"line":160,"column":4},"end":{"line":188,"column":4}}},"6":{"name":"_transferQueuedDeposits","line":206,"loc":{"start":{"line":200,"column":4},"end":{"line":243,"column":4}}},"7":{"name":"_queuedTokenLength","line":254,"loc":{"start":{"line":254,"column":4},"end":{"line":289,"column":4}}},"8":{"name":"selectWithdrawTokens","line":299,"loc":{"start":{"line":299,"column":4},"end":{"line":322,"column":4}}},"9":{"name":"_addDeposit","line":337,"loc":{"start":{"line":337,"column":4},"end":{"line":358,"column":4}}},"10":{"name":"_addDeposits","line":366,"loc":{"start":{"line":366,"column":4},"end":{"line":381,"column":4}}},"11":{"name":"_removeDeposit","line":394,"loc":{"start":{"line":394,"column":4},"end":{"line":411,"column":4}}},"12":{"name":"_removeDeposits","line":420,"loc":{"start":{"line":420,"column":4},"end":{"line":446,"column":4}}},"13":{"name":"_updateTokenStatus","line":462,"loc":{"start":{"line":462,"column":4},"end":{"line":477,"column":4}}},"14":{"name":"_validateInternalBalance","line":487,"loc":{"start":{"line":487,"column":4},"end":{"line":498,"column":4}}},"15":{"name":"_isTokenInRecords","line":508,"loc":{"start":{"line":508,"column":4},"end":{"line":512,"column":4}}},"16":{"name":"_encodeDeposit","line":528,"loc":{"start":{"line":528,"column":4},"end":{"line":541,"column":4}}},"17":{"name":"_decodeDeposits","line":544,"loc":{"start":{"line":544,"column":4},"end":{"line":553,"column":4}}},"18":{"name":"_decodeDeposit","line":561,"loc":{"start":{"line":561,"column":4},"end":{"line":571,"column":4}}},"19":{"name":"_asSingletonArray","line":574,"loc":{"start":{"line":574,"column":4},"end":{"line":579,"column":4}}},"20":{"name":"_enforceUnlocked","line":586,"loc":{"start":{"line":586,"column":4},"end":{"line":588,"column":4}}},"21":{"name":"withdrawal","line":591,"loc":{"start":{"line":591,"column":4},"end":{"line":595,"column":4}}},"22":{"name":"withdrawsUnlocked","line":598,"loc":{"start":{"line":598,"column":4},"end":{"line":601,"column":4}}},"23":{"name":"_enforceTokenCaller","line":604,"loc":{"start":{"line":604,"column":4},"end":{"line":606,"column":4}}}},"statementMap":{"1":{"start":{"line":107,"column":8},"end":{"line":107,"column":28}},"2":{"start":{"line":109,"column":8},"end":{"line":109,"column":81}},"3":{"start":{"line":110,"column":8},"end":{"line":110,"column":34}},"4":{"start":{"line":111,"column":8},"end":{"line":111,"column":43}},"5":{"start":{"line":113,"column":8},"end":{"line":113,"column":46}},"6":{"start":{"line":127,"column":8},"end":{"line":127,"column":28}},"7":{"start":{"line":129,"column":8},"end":{"line":129,"column":45}},"8":{"start":{"line":130,"column":8},"end":{"line":130,"column":66}},"9":{"start":{"line":131,"column":8},"end":{"line":131,"column":55}},"10":{"start":{"line":133,"column":8},"end":{"line":133,"column":51}},"11":{"start":{"line":141,"column":8},"end":{"line":141,"column":4971}},"12":{"start":{"line":169,"column":8},"end":{"line":169,"column":5902}},"13":{"start":{"line":170,"column":12},"end":{"line":170,"column":49}},"14":{"start":{"line":171,"column":12},"end":{"line":171,"column":5998}},"15":{"start":{"line":179,"column":12},"end":{"line":179,"column":44}},"16":{"start":{"line":180,"column":12},"end":{"line":180,"column":6256}},"17":{"start":{"line":212,"column":8},"end":{"line":212,"column":96}},"18":{"start":{"line":213,"column":8},"end":{"line":213,"column":7250}},"19":{"start":{"line":214,"column":12},"end":{"line":214,"column":7293}},"20":{"start":{"line":221,"column":12},"end":{"line":221,"column":51}},"21":{"start":{"line":222,"column":12},"end":{"line":222,"column":7649}},"22":{"start":{"line":234,"column":12},"end":{"line":234,"column":45}},"23":{"start":{"line":235,"column":12},"end":{"line":235,"column":8164}},"24":{"start":{"line":262,"column":8},"end":{"line":262,"column":23}},"25":{"start":{"line":263,"column":8},"end":{"line":263,"column":35}},"26":{"start":{"line":264,"column":8},"end":{"line":264,"column":26}},"27":{"start":{"line":266,"column":8},"end":{"line":266,"column":9052}},"28":{"start":{"line":269,"column":12},"end":{"line":269,"column":33}},"29":{"start":{"line":271,"column":12},"end":{"line":271,"column":48}},"30":{"start":{"line":273,"column":12},"end":{"line":273,"column":9270}},"31":{"start":{"line":306,"column":8},"end":{"line":306,"column":83}},"32":{"start":{"line":308,"column":8},"end":{"line":308,"column":35}},"33":{"start":{"line":310,"column":8},"end":{"line":310,"column":10375}},"34":{"start":{"line":321,"column":8},"end":{"line":321,"column":34}},"35":{"start":{"line":344,"column":8},"end":{"line":344,"column":30}},"36":{"start":{"line":348,"column":8},"end":{"line":348,"column":76}},"37":{"start":{"line":351,"column":8},"end":{"line":351,"column":11738}},"38":{"start":{"line":352,"column":12},"end":{"line":352,"column":59}},"39":{"start":{"line":374,"column":8},"end":{"line":374,"column":12367}},"40":{"start":{"line":375,"column":12},"end":{"line":375,"column":46}},"41":{"start":{"line":400,"column":8},"end":{"line":400,"column":89}},"42":{"start":{"line":402,"column":8},"end":{"line":402,"column":73}},"43":{"start":{"line":403,"column":8},"end":{"line":403,"column":56}},"44":{"start":{"line":404,"column":8},"end":{"line":404,"column":13388}},"45":{"start":{"line":405,"column":12},"end":{"line":405,"column":47}},"46":{"start":{"line":426,"column":8},"end":{"line":426,"column":123}},"47":{"start":{"line":428,"column":8},"end":{"line":428,"column":21}},"48":{"start":{"line":429,"column":8},"end":{"line":429,"column":14203}},"49":{"start":{"line":430,"column":12},"end":{"line":430,"column":101}},"50":{"start":{"line":434,"column":12},"end":{"line":434,"column":64}},"51":{"start":{"line":435,"column":12},"end":{"line":435,"column":14466}},"52":{"start":{"line":436,"column":16},"end":{"line":436,"column":51}},"53":{"start":{"line":463,"column":8},"end":{"line":463,"column":56}},"54":{"start":{"line":467,"column":8},"end":{"line":467,"column":61}},"55":{"start":{"line":469,"column":8},"end":{"line":469,"column":15662}},"56":{"start":{"line":470,"column":12},"end":{"line":470,"column":47}},"57":{"start":{"line":472,"column":12},"end":{"line":472,"column":80}},"58":{"start":{"line":473,"column":12},"end":{"line":473,"column":15850}},"59":{"start":{"line":474,"column":16},"end":{"line":474,"column":63}},"60":{"start":{"line":488,"column":8},"end":{"line":488,"column":56}},"61":{"start":{"line":489,"column":8},"end":{"line":489,"column":73}},"62":{"start":{"line":492,"column":8},"end":{"line":492,"column":16523}},"63":{"start":{"line":494,"column":12},"end":{"line":494,"column":92}},"64":{"start":{"line":509,"column":8},"end":{"line":509,"column":56}},"65":{"start":{"line":510,"column":8},"end":{"line":510,"column":63}},"66":{"start":{"line":529,"column":8},"end":{"line":529,"column":18208}},"67":{"start":{"line":536,"column":8},"end":{"line":536,"column":61}},"68":{"start":{"line":546,"column":8},"end":{"line":546,"column":18842}},"69":{"start":{"line":562,"column":8},"end":{"line":562,"column":19314}},"70":{"start":{"line":587,"column":8},"end":{"line":587,"column":71}},"71":{"start":{"line":599,"column":8},"end":{"line":599,"column":25}},"72":{"start":{"line":605,"column":8},"end":{"line":605,"column":74}}},"branchMap":{"1":{"line":141,"type":"cond-expr","locations":[{"start":{"line":141,"column":15},"end":{"line":141,"column":63}},{"start":{"line":142,"column":12},"end":{"line":142,"column":51}}]},"2":{"line":167,"type":"if","locations":[{"start":{"line":167,"column":8},"end":{"line":167,"column":8}},{"start":{"line":167,"column":8},"end":{"line":167,"column":8}}]},"3":{"line":169,"type":"if","locations":[{"start":{"line":169,"column":8},"end":{"line":169,"column":8}},{"start":{"line":169,"column":8},"end":{"line":169,"column":8}}]},"4":{"line":206,"type":"if","locations":[{"start":{"line":206,"column":8},"end":{"line":206,"column":8}},{"start":{"line":206,"column":8},"end":{"line":206,"column":8}}]},"5":{"line":213,"type":"if","locations":[{"start":{"line":213,"column":8},"end":{"line":213,"column":8}},{"start":{"line":213,"column":8},"end":{"line":213,"column":8}}]},"6":{"line":214,"type":"if","locations":[{"start":{"line":214,"column":12},"end":{"line":214,"column":12}},{"start":{"line":214,"column":12},"end":{"line":214,"column":12}}]},"7":{"line":269,"type":"if","locations":[{"start":{"line":269,"column":12},"end":{"line":269,"column":12}},{"start":{"line":269,"column":12},"end":{"line":269,"column":12}}]},"8":{"line":273,"type":"if","locations":[{"start":{"line":273,"column":12},"end":{"line":273,"column":12}},{"start":{"line":273,"column":12},"end":{"line":273,"column":12}}]},"9":{"line":351,"type":"if","locations":[{"start":{"line":351,"column":8},"end":{"line":351,"column":8}},{"start":{"line":351,"column":8},"end":{"line":351,"column":8}}]},"10":{"line":400,"type":"if","locations":[{"start":{"line":400,"column":8},"end":{"line":400,"column":8}},{"start":{"line":400,"column":8},"end":{"line":400,"column":8}}]},"11":{"line":404,"type":"if","locations":[{"start":{"line":404,"column":8},"end":{"line":404,"column":8}},{"start":{"line":404,"column":8},"end":{"line":404,"column":8}}]},"12":{"line":430,"type":"if","locations":[{"start":{"line":430,"column":12},"end":{"line":430,"column":12}},{"start":{"line":430,"column":12},"end":{"line":430,"column":12}}]},"13":{"line":435,"type":"if","locations":[{"start":{"line":435,"column":12},"end":{"line":435,"column":12}},{"start":{"line":435,"column":12},"end":{"line":435,"column":12}}]},"14":{"line":469,"type":"if","locations":[{"start":{"line":469,"column":8},"end":{"line":469,"column":8}},{"start":{"line":469,"column":8},"end":{"line":469,"column":8}}]},"15":{"line":473,"type":"if","locations":[{"start":{"line":473,"column":12},"end":{"line":473,"column":12}},{"start":{"line":473,"column":12},"end":{"line":473,"column":12}}]},"16":{"line":492,"type":"if","locations":[{"start":{"line":492,"column":8},"end":{"line":492,"column":8}},{"start":{"line":492,"column":8},"end":{"line":492,"column":8}}]},"17":{"line":494,"type":"if","locations":[{"start":{"line":494,"column":12},"end":{"line":494,"column":12}},{"start":{"line":494,"column":12},"end":{"line":494,"column":12}}]},"18":{"line":536,"type":"if","locations":[{"start":{"line":536,"column":8},"end":{"line":536,"column":8}},{"start":{"line":536,"column":8},"end":{"line":536,"column":8}}]},"19":{"line":587,"type":"if","locations":[{"start":{"line":587,"column":8},"end":{"line":587,"column":8}},{"start":{"line":587,"column":8},"end":{"line":587,"column":8}}]},"20":{"line":605,"type":"if","locations":[{"start":{"line":605,"column":8},"end":{"line":605,"column":8}},{"start":{"line":605,"column":8},"end":{"line":605,"column":8}}]}}},"contracts/pools/core/implementations/ERC20.sol":{"l":{"63":9,"64":9,"71":0,"79":0,"96":22,"103":11,"110":32,"122":0,"123":0,"124":0,"131":3,"145":1,"146":1,"147":1,"167":0,"168":0,"169":0,"170":0,"186":1,"187":1,"188":1,"206":0,"207":0,"208":0,"209":0,"211":0,"212":0,"215":0,"233":1,"234":0,"236":1,"237":0,"240":1,"242":1,"243":1,"244":0,"246":1,"247":1,"250":1,"253":1,"255":1,"268":35,"269":0,"272":35,"274":35,"275":35,"277":35,"279":35,"281":35,"296":25,"297":0,"300":25,"302":25,"303":25,"304":0,"307":25,"308":25,"310":25,"313":25,"315":25,"332":4,"333":0,"335":4,"336":0,"339":4,"340":4,"352":2,"353":2,"354":2,"355":0,"357":2,"358":2,"403":0},"path":"/Users/kaialdag/Desktop/dev/jasmine/v1-pools-contracts/contracts/pools/core/implementations/ERC20.sol","s":{"1":0,"2":0,"3":22,"4":11,"5":32,"6":0,"7":0,"8":0,"9":3,"10":1,"11":1,"12":1,"13":0,"14":0,"15":0,"16":0,"17":1,"18":1,"19":1,"20":0,"21":0,"22":0,"23":0,"24":0,"25":1,"26":1,"27":1,"28":1,"29":1,"30":1,"31":1,"32":35,"33":35,"34":35,"35":35,"36":25,"37":25,"38":25,"39":25,"40":25,"41":25,"42":4,"43":4,"44":4,"45":2,"46":2,"47":2,"48":2,"49":0},"b":{"1":[0,0],"2":[0,1],"3":[0,1],"4":[0,1],"5":[0,35],"6":[0,25],"7":[0,25],"8":[0,4],"9":[0,4],"10":[2,0],"11":[0,2],"12":[0,0],"13":[0,0]},"f":{"1":9,"2":0,"3":0,"4":22,"5":11,"6":32,"7":0,"8":3,"9":1,"10":0,"11":1,"12":0,"13":1,"14":35,"15":25,"16":4,"17":2,"18":61,"19":61,"20":0},"fnMap":{"1":{"name":"constructor","line":62,"loc":{"start":{"line":62,"column":4},"end":{"line":65,"column":4}}},"2":{"name":"name","line":70,"loc":{"start":{"line":70,"column":4},"end":{"line":72,"column":4}}},"3":{"name":"symbol","line":78,"loc":{"start":{"line":78,"column":4},"end":{"line":80,"column":4}}},"4":{"name":"decimals","line":95,"loc":{"start":{"line":95,"column":4},"end":{"line":97,"column":4}}},"5":{"name":"totalSupply","line":102,"loc":{"start":{"line":102,"column":4},"end":{"line":104,"column":4}}},"6":{"name":"balanceOf","line":109,"loc":{"start":{"line":109,"column":4},"end":{"line":111,"column":4}}},"7":{"name":"transfer","line":121,"loc":{"start":{"line":121,"column":4},"end":{"line":125,"column":4}}},"8":{"name":"allowance","line":130,"loc":{"start":{"line":130,"column":4},"end":{"line":132,"column":4}}},"9":{"name":"approve","line":144,"loc":{"start":{"line":144,"column":4},"end":{"line":148,"column":4}}},"10":{"name":"transferFrom","line":166,"loc":{"start":{"line":166,"column":4},"end":{"line":171,"column":4}}},"11":{"name":"increaseAllowance","line":185,"loc":{"start":{"line":185,"column":4},"end":{"line":189,"column":4}}},"12":{"name":"decreaseAllowance","line":205,"loc":{"start":{"line":205,"column":4},"end":{"line":216,"column":4}}},"13":{"name":"_transfer","line":232,"loc":{"start":{"line":232,"column":4},"end":{"line":256,"column":4}}},"14":{"name":"_mint","line":267,"loc":{"start":{"line":267,"column":4},"end":{"line":282,"column":4}}},"15":{"name":"_burn","line":295,"loc":{"start":{"line":295,"column":4},"end":{"line":316,"column":4}}},"16":{"name":"_approve","line":331,"loc":{"start":{"line":331,"column":4},"end":{"line":341,"column":4}}},"17":{"name":"_spendAllowance","line":351,"loc":{"start":{"line":351,"column":4},"end":{"line":361,"column":4}}},"18":{"name":"_beforeTokenTransfer","line":377,"loc":{"start":{"line":377,"column":4},"end":{"line":377,"column":94}}},"19":{"name":"_afterTokenTransfer","line":393,"loc":{"start":{"line":393,"column":4},"end":{"line":393,"column":93}}},"20":{"name":"supportsInterface","line":398,"loc":{"start":{"line":398,"column":4},"end":{"line":407,"column":4}}}},"statementMap":{"1":{"start":{"line":71,"column":8},"end":{"line":71,"column":20}},"2":{"start":{"line":79,"column":8},"end":{"line":79,"column":22}},"3":{"start":{"line":96,"column":8},"end":{"line":96,"column":17}},"4":{"start":{"line":103,"column":8},"end":{"line":103,"column":27}},"5":{"start":{"line":110,"column":8},"end":{"line":110,"column":33}},"6":{"start":{"line":122,"column":8},"end":{"line":122,"column":36}},"7":{"start":{"line":123,"column":8},"end":{"line":123,"column":35}},"8":{"start":{"line":124,"column":8},"end":{"line":124,"column":19}},"9":{"start":{"line":131,"column":8},"end":{"line":131,"column":42}},"10":{"start":{"line":145,"column":8},"end":{"line":145,"column":36}},"11":{"start":{"line":146,"column":8},"end":{"line":146,"column":39}},"12":{"start":{"line":147,"column":8},"end":{"line":147,"column":19}},"13":{"start":{"line":167,"column":8},"end":{"line":167,"column":38}},"14":{"start":{"line":168,"column":8},"end":{"line":168,"column":45}},"15":{"start":{"line":169,"column":8},"end":{"line":169,"column":34}},"16":{"start":{"line":170,"column":8},"end":{"line":170,"column":19}},"17":{"start":{"line":186,"column":8},"end":{"line":186,"column":36}},"18":{"start":{"line":187,"column":8},"end":{"line":187,"column":71}},"19":{"start":{"line":188,"column":8},"end":{"line":188,"column":19}},"20":{"start":{"line":206,"column":8},"end":{"line":206,"column":36}},"21":{"start":{"line":207,"column":8},"end":{"line":207,"column":60}},"22":{"start":{"line":208,"column":8},"end":{"line":208,"column":7408}},"23":{"start":{"line":212,"column":12},"end":{"line":212,"column":71}},"24":{"start":{"line":215,"column":8},"end":{"line":215,"column":19}},"25":{"start":{"line":233,"column":8},"end":{"line":233,"column":8226}},"26":{"start":{"line":236,"column":8},"end":{"line":236,"column":8321}},"27":{"start":{"line":240,"column":8},"end":{"line":240,"column":45}},"28":{"start":{"line":242,"column":8},"end":{"line":242,"column":45}},"29":{"start":{"line":243,"column":8},"end":{"line":243,"column":8513}},"30":{"start":{"line":253,"column":8},"end":{"line":253,"column":39}},"31":{"start":{"line":255,"column":8},"end":{"line":255,"column":44}},"32":{"start":{"line":268,"column":8},"end":{"line":268,"column":9351}},"33":{"start":{"line":272,"column":8},"end":{"line":272,"column":56}},"34":{"start":{"line":279,"column":8},"end":{"line":279,"column":50}},"35":{"start":{"line":281,"column":8},"end":{"line":281,"column":55}},"36":{"start":{"line":296,"column":8},"end":{"line":296,"column":10231}},"37":{"start":{"line":300,"column":8},"end":{"line":300,"column":56}},"38":{"start":{"line":302,"column":8},"end":{"line":302,"column":51}},"39":{"start":{"line":303,"column":8},"end":{"line":303,"column":10443}},"40":{"start":{"line":313,"column":8},"end":{"line":313,"column":50}},"41":{"start":{"line":315,"column":8},"end":{"line":315,"column":55}},"42":{"start":{"line":332,"column":8},"end":{"line":332,"column":11399}},"43":{"start":{"line":335,"column":8},"end":{"line":335,"column":11497}},"44":{"start":{"line":340,"column":8},"end":{"line":340,"column":45}},"45":{"start":{"line":352,"column":8},"end":{"line":352,"column":60}},"46":{"start":{"line":353,"column":8},"end":{"line":353,"column":12130}},"47":{"start":{"line":354,"column":12},"end":{"line":354,"column":12191}},"48":{"start":{"line":358,"column":16},"end":{"line":358,"column":66}},"49":{"start":{"line":403,"column":8},"end":{"line":403,"column":14031}}},"branchMap":{"1":{"line":208,"type":"if","locations":[{"start":{"line":208,"column":8},"end":{"line":208,"column":8}},{"start":{"line":208,"column":8},"end":{"line":208,"column":8}}]},"2":{"line":233,"type":"if","locations":[{"start":{"line":233,"column":8},"end":{"line":233,"column":8}},{"start":{"line":233,"column":8},"end":{"line":233,"column":8}}]},"3":{"line":236,"type":"if","locations":[{"start":{"line":236,"column":8},"end":{"line":236,"column":8}},{"start":{"line":236,"column":8},"end":{"line":236,"column":8}}]},"4":{"line":243,"type":"if","locations":[{"start":{"line":243,"column":8},"end":{"line":243,"column":8}},{"start":{"line":243,"column":8},"end":{"line":243,"column":8}}]},"5":{"line":268,"type":"if","locations":[{"start":{"line":268,"column":8},"end":{"line":268,"column":8}},{"start":{"line":268,"column":8},"end":{"line":268,"column":8}}]},"6":{"line":296,"type":"if","locations":[{"start":{"line":296,"column":8},"end":{"line":296,"column":8}},{"start":{"line":296,"column":8},"end":{"line":296,"column":8}}]},"7":{"line":303,"type":"if","locations":[{"start":{"line":303,"column":8},"end":{"line":303,"column":8}},{"start":{"line":303,"column":8},"end":{"line":303,"column":8}}]},"8":{"line":332,"type":"if","locations":[{"start":{"line":332,"column":8},"end":{"line":332,"column":8}},{"start":{"line":332,"column":8},"end":{"line":332,"column":8}}]},"9":{"line":335,"type":"if","locations":[{"start":{"line":335,"column":8},"end":{"line":335,"column":8}},{"start":{"line":335,"column":8},"end":{"line":335,"column":8}}]},"10":{"line":353,"type":"if","locations":[{"start":{"line":353,"column":8},"end":{"line":353,"column":8}},{"start":{"line":353,"column":8},"end":{"line":353,"column":8}}]},"11":{"line":354,"type":"if","locations":[{"start":{"line":354,"column":12},"end":{"line":354,"column":12}},{"start":{"line":354,"column":12},"end":{"line":354,"column":12}}]},"12":{"line":404,"type":"cond-expr","locations":[{"start":{"line":404,"column":12},"end":{"line":404,"column":50}},{"start":{"line":405,"column":12},"end":{"line":405,"column":58}}]},"13":{"line":404,"type":"cond-expr","locations":[{"start":{"line":404,"column":12},"end":{"line":405,"column":58}},{"start":{"line":406,"column":12},"end":{"line":406,"column":47}}]}}},"contracts/pools/core/implementations/ERC20Permit.sol":{"l":{"69":0,"70":0,"73":0,"75":0,"77":0,"78":0,"79":0,"82":0,"89":0,"97":0,"106":0,"107":0,"108":0,"119":0},"path":"/Users/kaialdag/Desktop/dev/jasmine/v1-pools-contracts/contracts/pools/core/implementations/ERC20Permit.sol","s":{"1":0,"2":0,"3":0,"4":0,"5":0,"6":0,"7":0,"8":0,"9":0,"10":0,"11":0},"b":{"1":[0,0],"2":[0,0],"3":[0,0]},"f":{"1":9,"2":0,"3":0,"4":0,"5":0,"6":0},"fnMap":{"1":{"name":"constructor","line":55,"loc":{"start":{"line":55,"column":4},"end":{"line":55,"column":55}}},"2":{"name":"permit","line":60,"loc":{"start":{"line":60,"column":4},"end":{"line":83,"column":4}}},"3":{"name":"nonces","line":88,"loc":{"start":{"line":88,"column":4},"end":{"line":90,"column":4}}},"4":{"name":"DOMAIN_SEPARATOR","line":96,"loc":{"start":{"line":96,"column":4},"end":{"line":98,"column":4}}},"5":{"name":"_useNonce","line":105,"loc":{"start":{"line":105,"column":4},"end":{"line":109,"column":4}}},"6":{"name":"supportsInterface","line":114,"loc":{"start":{"line":114,"column":4},"end":{"line":122,"column":4}}}},"statementMap":{"1":{"start":{"line":69,"column":8},"end":{"line":69,"column":2613}},"2":{"start":{"line":73,"column":8},"end":{"line":73,"column":119}},"3":{"start":{"line":75,"column":8},"end":{"line":75,"column":51}},"4":{"start":{"line":77,"column":8},"end":{"line":77,"column":53}},"5":{"start":{"line":78,"column":8},"end":{"line":78,"column":2951}},"6":{"start":{"line":82,"column":8},"end":{"line":82,"column":38}},"7":{"start":{"line":89,"column":8},"end":{"line":89,"column":39}},"8":{"start":{"line":97,"column":8},"end":{"line":97,"column":35}},"9":{"start":{"line":106,"column":8},"end":{"line":106,"column":55}},"10":{"start":{"line":108,"column":8},"end":{"line":108,"column":24}},"11":{"start":{"line":119,"column":8},"end":{"line":119,"column":4081}}},"branchMap":{"1":{"line":69,"type":"if","locations":[{"start":{"line":69,"column":8},"end":{"line":69,"column":8}},{"start":{"line":69,"column":8},"end":{"line":69,"column":8}}]},"2":{"line":78,"type":"if","locations":[{"start":{"line":78,"column":8},"end":{"line":78,"column":8}},{"start":{"line":78,"column":8},"end":{"line":78,"column":8}}]},"3":{"line":120,"type":"cond-expr","locations":[{"start":{"line":120,"column":12},"end":{"line":120,"column":56}},{"start":{"line":121,"column":12},"end":{"line":121,"column":47}}]}}},"contracts/pools/core/JasmineBasePool.sol":{"l":{"94":9,"98":9,"99":9,"115":9,"116":9,"133":0,"145":0,"158":0,"159":0,"180":0,"181":0,"199":0,"220":0,"238":0,"271":11,"274":11,"277":11,"301":4,"304":4,"307":4,"322":0,"343":10,"344":10,"347":10,"350":10,"351":10,"353":10,"354":4,"355":4,"357":0,"359":6,"362":6,"363":0,"367":6,"369":6,"384":45,"392":0,"393":0,"411":4,"412":0,"414":4,"419":11,"424":11,"438":2,"446":7,"456":1,"472":444,"496":38,"511":34,"516":34,"530":4,"531":0,"534":4,"535":4,"536":4,"538":4,"539":2,"540":2,"541":2,"543":1,"544":0,"546":1,"566":50,"575":25,"577":2,"580":25,"595":38,"596":42,"598":38,"599":38},"path":"/Users/kaialdag/Desktop/dev/jasmine/v1-pools-contracts/contracts/pools/core/JasmineBasePool.sol","s":{"1":9,"2":0,"3":0,"4":0,"5":0,"6":0,"7":0,"8":0,"9":0,"10":0,"11":11,"12":11,"13":11,"14":4,"15":4,"16":4,"17":0,"18":10,"19":10,"20":10,"21":10,"22":10,"23":10,"24":4,"25":4,"26":6,"27":6,"28":6,"29":6,"30":45,"31":0,"32":0,"33":4,"34":4,"35":11,"36":11,"37":2,"38":7,"39":1,"40":444,"41":38,"42":34,"43":34,"44":4,"45":4,"46":4,"47":4,"48":4,"49":2,"50":2,"51":1,"52":1,"53":0,"54":1,"55":50,"56":25,"57":25,"58":2,"59":25,"60":38,"61":42},"b":{"1":[0,9],"2":[0,0],"3":[0,0],"4":[9,0],"5":[0,0],"6":[0,0],"7":[11,0],"8":[11,0],"9":[4,0],"10":[4,0],"11":[10,0],"12":[10,0],"13":[4,6],"14":[0,6],"15":[0,6],"16":[0,0],"17":[0,4],"18":[74,0],"19":[0,222],"20":[4,0],"21":[0,4],"22":[2,2],"23":[1,1],"24":[0,1],"25":[0,25],"26":[2,23],"27":[4,38]},"f":{"1":9,"2":9,"3":0,"4":0,"5":0,"6":0,"7":0,"8":0,"9":0,"10":11,"11":4,"12":0,"13":10,"14":45,"15":0,"16":4,"17":11,"18":11,"19":2,"20":7,"21":1,"22":444,"23":38,"24":34,"25":4,"26":50,"27":25,"28":38},"fnMap":{"1":{"name":"constructor","line":92,"loc":{"start":{"line":84,"column":4},"end":{"line":100,"column":4}}},"2":{"name":"initialize","line":113,"loc":{"start":{"line":108,"column":4},"end":{"line":117,"column":4}}},"3":{"name":"deposit","line"
[...]
{"start":{"line":489,"column":4},"end":{"line":497,"column":4}}},"24":{"name":"_afterDeposit","line":508,"loc":{"start":{"line":508,"column":4},"end":{"line":517,"column":4}}},"25":{"name":"validateDepositValidity","line":529,"loc":{"start":{"line":529,"column":4},"end":{"line":549,"column":4}}},"26":{"name":"_standardizeDecimal","line":562,"loc":{"start":{"line":562,"column":4},"end":{"line":567,"column":4}}},"27":{"name":"_spendJLT","line":572,"loc":{"start":{"line":572,"column":4},"end":{"line":581,"column":4}}},"28":{"name":"_enforceEligibility","line":592,"loc":{"start":{"line":592,"column":4},"end":{"line":602,"column":4}}}},"statementMap":{"1":{"start":{"line":94,"column":8},"end":{"line":94,"column":4137}},"2":{"start":{"line":133,"column":8},"end":{"line":133,"column":54}},"3":{"start":{"line":145,"column":8},"end":{"line":145,"column":46}},"4":{"start":{"line":158,"column":8},"end":{"line":158,"column":89}},"5":{"start":{"line":159,"column":8},"end":{"line":159,"column":49}},"6":{"start":{"line":180,"column":8},"end":{"line":180,"column":82}},"7":{"start":{"line":181,"column":8},"end":{"line":181,"column":42}},"8":{"start":{"line":199,"column":8},"end":{"line":199,"column":6870}},"9":{"start":{"line":220,"column":8},"end":{"line":220,"column":7304}},"10":{"start":{"line":238,"column":8},"end":{"line":238,"column":7679}},"11":{"start":{"line":271,"column":8},"end":{"line":271,"column":61}},"12":{"start":{"line":274,"column":8},"end":{"line":274,"column":28}},"13":{"start":{"line":277,"column":8},"end":{"line":277,"column":63}},"14":{"start":{"line":301,"column":8},"end":{"line":301,"column":72}},"15":{"start":{"line":304,"column":8},"end":{"line":304,"column":28}},"16":{"start":{"line":307,"column":8},"end":{"line":307,"column":60}},"17":{"start":{"line":322,"column":8},"end":{"line":322,"column":48}},"18":{"start":{"line":343,"column":8},"end":{"line":343,"column":61}},"19":{"start":{"line":344,"column":8},"end":{"line":344,"column":29}},"20":{"start":{"line":347,"column":8},"end":{"line":347,"column":92}},"21":{"start":{"line":350,"column":8},"end":{"line":350,"column":72}},"22":{"start":{"line":351,"column":8},"end":{"line":351,"column":35}},"23":{"start":{"line":353,"column":8},"end":{"line":353,"column":11027}},"24":{"start":{"line":354,"column":12},"end":{"line":354,"column":55}},"25":{"start":{"line":355,"column":12},"end":{"line":355,"column":18}},"26":{"start":{"line":356,"column":15},"end":{"line":356,"column":11143}},"27":{"start":{"line":362,"column":8},"end":{"line":362,"column":11380}},"28":{"start":{"line":367,"column":8},"end":{"line":367,"column":78}},"29":{"start":{"line":369,"column":8},"end":{"line":369,"column":51}},"30":{"start":{"line":384,"column":8},"end":{"line":384,"column":84}},"31":{"start":{"line":392,"column":8},"end":{"line":392,"column":98}},"32":{"start":{"line":393,"column":8},"end":{"line":393,"column":12507}},"33":{"start":{"line":411,"column":8},"end":{"line":411,"column":13047}},"34":{"start":{"line":414,"column":8},"end":{"line":414,"column":49}},"35":{"start":{"line":419,"column":8},"end":{"line":419,"column":42}},"36":{"start":{"line":424,"column":8},"end":{"line":424,"column":21}},"37":{"start":{"line":438,"column":8},"end":{"line":438,"column":20}},"38":{"start":{"line":446,"column":8},"end":{"line":446,"column":22}},"39":{"start":{"line":456,"column":8},"end":{"line":456,"column":14504}},"40":{"start":{"line":472,"column":8},"end":{"line":472,"column":14998}},"41":{"start":{"line":496,"column":8},"end":{"line":496,"column":36}},"42":{"start":{"line":511,"column":8},"end":{"line":511,"column":16176}},"43":{"start":{"line":516,"column":8},"end":{"line":516,"column":46}},"44":{"start":{"line":530,"column":8},"end":{"line":530,"column":16903}},"45":{"start":{"line":534,"column":8},"end":{"line":534,"column":49}},"46":{"start":{"line":535,"column":8},"end":{"line":535,"column":56}},"47":{"start":{"line":536,"column":8},"end":{"line":536,"column":101}},"48":{"start":{"line":538,"column":8},"end":{"line":538,"column":17227}},"49":{"start":{"line":539,"column":12},"end":{"line":539,"column":126}},"50":{"start":{"line":541,"column":12},"end":{"line":541,"column":36}},"51":{"start":{"line":541,"column":25},"end":{"line":541,"column":36}},"52":{"start":{"line":543,"column":12},"end":{"line":543,"column":17473}},"53":{"start":{"line":544,"column":16},"end":{"line":544,"column":73}},"54":{"start":{"line":546,"column":16},"end":{"line":546,"column":73}},"55":{"start":{"line":566,"column":8},"end":{"line":566,"column":33}},"56":{"start":{"line":575,"column":8},"end":{"line":575,"column":18465}},"57":{"start":{"line":576,"column":13},"end":{"line":576,"column":18532}},"58":{"start":{"line":577,"column":12},"end":{"line":577,"column":54}},"59":{"start":{"line":580,"column":8},"end":{"line":580,"column":26}},"60":{"start":{"line":595,"column":8},"end":{"line":595,"column":19064}},"61":{"start":{"line":596,"column":12},"end":{"line":596,"column":74}}},"branchMap":{"1":{"line":94,"type":"if","locations":[{"start":{"line":94,"column":8},"end":{"line":94,"column":8}},{"start":{"line":94,"column":8},"end":{"line":94,"column":8}}]},"2":{"line":94,"type":"cond-expr","locations":[{"start":{"line":94,"column":12},"end":{"line":94,"column":31}},{"start":{"line":95,"column":12},"end":{"line":95,"column":39}}]},"3":{"line":94,"type":"cond-expr","locations":[{"start":{"line":94,"column":12},"end":{"line":95,"column":39}},{"start":{"line":96,"column":12},"end":{"line":96,"column":45}}]},"4":{"line":113,"type":"if","locations":[{"start":{"line":113,"column":8},"end":{"line":113,"column":8}},{"start":{"line":113,"column":8},"end":{"line":113,"column":8}}]},"5":{"line":155,"type":"if","locations":[{"start":{"line":155,"column":8},"end":{"line":155,"column":8}},{"start":{"line":155,"column":8},"end":{"line":155,"column":8}}]},"6":{"line":177,"type":"if","locations":[{"start":{"line":177,"column":8},"end":{"line":177,"column":8}},{"start":{"line":177,"column":8},"end":{"line":177,"column":8}}]},"7":{"line":264,"type":"if","locations":[{"start":{"line":264,"column":8},"end":{"line":264,"column":8}},{"start":{"line":264,"column":8},"end":{"line":264,"column":8}}]},"8":{"line":264,"type":"if","locations":[{"start":{"line":264,"column":19},"end":{"line":264,"column":19}},{"start":{"line":264,"column":19},"end":{"line":264,"column":19}}]},"9":{"line":298,"type":"if","locations":[{"start":{"line":298,"column":8},"end":{"line":298,"column":8}},{"start":{"line":298,"column":8},"end":{"line":298,"column":8}}]},"10":{"line":298,"type":"if","locations":[{"start":{"line":298,"column":19},"end":{"line":298,"column":19}},{"start":{"line":298,"column":19},"end":{"line":298,"column":19}}]},"11":{"line":340,"type":"if","locations":[{"start":{"line":340,"column":8},"end":{"line":340,"column":8}},{"start":{"line":340,"column":8},"end":{"line":340,"column":8}}]},"12":{"line":340,"type":"if","locations":[{"start":{"line":340,"column":19},"end":{"line":340,"column":19}},{"start":{"line":340,"column":19},"end":{"line":340,"column":19}}]},"13":{"line":353,"type":"if","locations":[{"start":{"line":353,"column":8},"end":{"line":353,"column":8}},{"start":{"line":353,"column":8},"end":{"line":353,"column":8}}]},"14":{"line":356,"type":"if","locations":[{"start":{"line":356,"column":15},"end":{"line":356,"column":15}},{"start":{"line":356,"column":15},"end":{"line":356,"column":15}}]},"15":{"line":362,"type":"if","locations":[{"start":{"line":362,"column":8},"end":{"line":362,"column":8}},{"start":{"line":362,"column":8},"end":{"line":362,"column":8}}]},"16":{"line":392,"type":"if","locations":[{"start":{"line":392,"column":8},"end":{"line":392,"column":8}},{"start":{"line":392,"column":8},"end":{"line":392,"column":8}}]},"17":{"line":411,"type":"if","locations":[{"start":{"line":411,"column":8},"end":{"line":411,"column":8}},{"start":{"line":411,"column":8},"end":{"line":411,"column":8}}]},"18":{"line":472,"type":"cond-expr","locations":[{"start":{"line":472,"column":15},"end":{"line":472,"column":59}},{"start":{"line":473,"column":12},"end":{"line":473,"column":52}}]},"19":{"line":472,"type":"cond-expr","locations":[{"start":{"line":472,"column":15},"end":{"line":473,"column":52}},{"start":{"line":474,"column":12},"end":{"line":474,"column":47}}]},"20":{"line":529,"type":"if","locations":[{"start":{"line":529,"column":63},"end":{"line":529,"column":63}},{"start":{"line":529,"column":63},"end":{"line":529,"column":63}}]},"21":{"line":530,"type":"if","locations":[{"start":{"line":530,"column":8},"end":{"line":530,"column":8}},{"start":{"line":530,"column":8},"end":{"line":530,"column":8}}]},"22":{"line":538,"type":"if","locations":[{"start":{"line":538,"column":8},"end":{"line":538,"column":8}},{"start":{"line":538,"column":8},"end":{"line":538,"column":8}}]},"23":{"line":541,"type":"if","locations":[{"start":{"line":541,"column":12},"end":{"line":541,"column":12}},{"start":{"line":541,"column":12},"end":{"line":541,"column":12}}]},"24":{"line":543,"type":"if","locations":[{"start":{"line":543,"column":12},"end":{"line":543,"column":12}},{"start":{"line":543,"column":12},"end":{"line":543,"column":12}}]},"25":{"line":575,"type":"if","locations":[{"start":{"line":575,"column":8},"end":{"line":575,"column":8}},{"start":{"line":575,"column":8},"end":{"line":575,"column":8}}]},"26":{"line":576,"type":"if","locations":[{"start":{"line":576,"column":13},"end":{"line":576,"column":13}},{"start":{"line":576,"column":13},"end":{"line":576,"column":13}}]},"27":{"line":596,"type":"if","locations":[{"start":{"line":596,"column":12},"end":{"line":596,"column":12}},{"start":{"line":596,"column":12},"end":{"line":596,"column":12}}]}}},"contracts/pools/extensions/JasmineFeePool.sol":{"l":{"83":0,"84":0,"86":0,"87":0,"89":0,"94":0,"98":0,"111":9,"112":1,"114":1,"115":0,"117":1,"125":9,"146":0,"147":0,"148":0,"156":0,"179":0,"180":0,"182":0,"183":0,"185":0,"193":0,"213":0,"214":0,"216":0,"217":0,"219":0,"227":0,"248":1,"249":0,"251":0,"253":1,"266":0,"267":0,"269":0,"271":0,"283":11,"284":0,"286":0,"288":11,"309":0,"310":0,"312":0,"334":0,"355":1,"378":2,"379":2,"393":1,"394":1,"411":2,"412":1,"414":1,"417":2,"426":1,"428":1,"439":3,"440":0},"path":"/Users/kaialdag/Desktop/dev/jasmine/v1-pools-contracts/contracts/pools/extensions/JasmineFeePool.sol","s":{"1":0,"2":0,"3":0,"4":0,"5":0,"6":0,"7":9,"8":1,"9":1,"10":0,"11":1,"12":9,"13":0,"14":0,"15":0,"16":0,"17":0,"18":0,"19":0,"20":0,"21":0,"22":0,"23":0,"24":0,"25":0,"26":0,"27":0,"28":0,"29":1,"30":0,"31":1,"32":0,"33":1,"34":0,"35":0,"36":0,"37":0,"38":0,"39":11,"40":0,"41":11,"42":0,"43":11,"44":0,"45":0,"46":0,"47":1,"48":2,"49":2,"50":1,"51":1,"52":2,"53":2,"54":1,"55":3},"b":{"1":[0,0],"2":[0,0],"3":[1,8],"4":[0,1],"5":[0,0],"6":[0,0],"7":[0,0],"8":[0,0],"9":[0,0],"10":[0,1],"11":[0,1],"12":[0,0],"13":[0,0],"14":[0,11],"15":[0,11],"16":[0,0],"17":[1,1],"18":[0,3]},"f":{"1":9,"2":0,"3":9,"4":0,"5":0,"6":0,"7":1,"8":0,"9":11,"10":0,"11":0,"12":1,"13":2,"14":1,"15":2,"16":1,"17":3},"fnMap":{"1":{"name":"constructor","line":62,"loc":{"start":{"line":56,"column":4},"end":{"line":63,"column":6}}},"2":{"name":"retire","line":73,"loc":{"start":{"line":73,"column":4},"end":{"line":99,"column":4}}},"3":{"name":"retireExact","line":102,"loc":{"start":{"line":102,"column":4},"end":{"line":126,"column":4}}},"4":{"name":"withdraw","line":133,"loc":{"start":{"line":133,"column":4},"end":{"line":162,"column":4}}},"5":{"name":"withdrawFrom","line":165,"loc":{"start":{"line":165,"column":4},"end":{"line":199,"column":4}}},"6":{"name":"withdrawSpecific","line":202,"loc":{"start":{"line":202,"column":4},"end":{"line":234,"column":4}}},"7":{"name":"withdrawalRate","line":247,"loc":{"start":{"line":247,"column":4},"end":{"line":255,"column":4}}},"8":{"name":"withdrawalSpecificRate","line":265,"loc":{"start":{"line":265,"column":4},"end":{"line":273,"column":4}}},"9":{"name":"retirementRate","line":282,"loc":{"start":{"line":282,"column":4},"end":{"line":290,"column":4}}},"10":{"name":"withdrawalCost","line":301,"loc":{"start":{"line":301,"column":4},"end":{"line":317,"column":4}}},"11":{"name":"withdrawalCost","line":327,"loc":{"start":{"line":327,"column":4},"end":{"line":339,"column":4}}},"12":{"name":"retirementCost","line":348,"loc":{"start":{"line":348,"column":4},"end":{"line":360,"column":4}}},"13":{"name":"updateWithdrawalRate","line":377,"loc":{"start":{"line":377,"column":4},"end":{"line":380,"column":4}}},"14":{"name":"updateRetirementRate","line":392,"loc":{"start":{"line":392,"column":4},"end":{"line":395,"column":4}}},"15":{"name":"_updateWithdrawalRate","line":410,"loc":{"start":{"line":410,"column":4},"end":{"line":418,"column":4}}},"16":{"name":"_updateRetirementRate","line":425,"loc":{"start":{"line":425,"column":4},"end":{"line":429,"column":4}}},"17":{"name":"_enforceFeeManagerRole","line":438,"loc":{"start":{"line":438,"column":4},"end":{"line":442,"column":4}}}},"statementMap":{"1":{"start":{"line":83,"column":8},"end":{"line":83,"column":2972}},"2":{"start":{"line":84,"column":12},"end":{"line":84,"column":70}},"3":{"start":{"line":86,"column":12},"end":{"line":86,"column":3153}},"4":{"start":{"line":87,"column":16},"end":{"line":87,"column":64}},"5":{"start":{"line":89,"column":12},"end":{"line":89,"column":3277}},"6":{"start":{"line":98,"column":8},"end":{"line":98,"column":50}},"7":{"start":{"line":111,"column":8},"end":{"line":111,"column":3835}},"8":{"start":{"line":112,"column":12},"end":{"line":112,"column":63}},"9":{"start":{"line":114,"column":12},"end":{"line":114,"column":4009}},"10":{"start":{"line":115,"column":16},"end":{"line":115,"column":64}},"11":{"start":{"line":117,"column":12},"end":{"line":117,"column":4133}},"12":{"start":{"line":125,"column":8},"end":{"line":125,"column":50}},"13":{"start":{"line":146,"column":8},"end":{"line":146,"column":4880}},"14":{"start":{"line":147,"column":12},"end":{"line":147,"column":100}},"15":{"start":{"line":148,"column":12},"end":{"line":148,"column":5027}},"16":{"start":{"line":156,"column":8},"end":{"line":156,"column":5224}},"17":{"start":{"line":179,"column":8},"end":{"line":179,"column":5775}},"18":{"start":{"line":180,"column":12},"end":{"line":180,"column":100}},"19":{"start":{"line":182,"column":12},"end":{"line":182,"column":5986}},"20":{"start":{"line":183,"column":16},"end":{"line":183,"column":61}},"21":{"start":{"line":185,"column":12},"end":{"line":185,"column":6104}},"22":{"start":{"line":193,"column":8},"end":{"line":193,"column":6293}},"23":{"start":{"line":213,"column":8},"end":{"line":213,"column":6785}},"24":{"start":{"line":214,"column":12},"end":{"line":214,"column":122}},"25":{"start":{"line":216,"column":12},"end":{"line":216,"column":7026}},"26":{"start":{"line":217,"column":16},"end":{"line":217,"column":61}},"27":{"start":{"line":219,"column":12},"end":{"line":219,"column":7144}},"28":{"start":{"line":227,"column":8},"end":{"line":227,"column":7332}},"29":{"start":{"line":248,"column":8},"end":{"line":248,"column":7856}},"30":{"start":{"line":249,"column":12},"end":{"line":249,"column":20}},"31":{"start":{"line":250,"column":15},"end":{"line":250,"column":7965}},"32":{"start":{"line":251,"column":12},"end":{"line":251,"column":34}},"33":{"start":{"line":253,"column":12},"end":{"line":253,"column":71}},"34":{"start":{"line":266,"column":8},"end":{"line":266,"column":8502}},"35":{"start":{"line":267,"column":12},"end":{"line":267,"column":20}},"36":{"start":{"line":268,"column":15},"end":{"line":268,"column":8611}},"37":{"start":{"line":269,"column":12},"end":{"line":269,"column":42}},"38":{"start":{"line":271,"column":12},"end":{"line":271,"column":79}},"39":{"start":{"line":283,"column":8},"end":{"line":283,"column":9108}},"40":{"start":{"line":284,"column":12},"end":{"line":284,"column":20}},"41":{"start":{"line":285,"column":15},"end":{"line":285,"column":9217}},"42":{"start":{"line":286,"column":12},"end":{"line":286,"column":35}},"43":{"start":{"line":288,"column":12},"end":{"line":288,"column":71}},"44":{"start":{"line":309,"column":8},"end":{"line":309,"column":9912}},"45":{"start":{"line":312,"column":8},"end":{"line":312,"column":10021}},"46":{"start":{"line":334,"column":8},"end":{"line":334,"column":10637}},"47":{"start":{"line":355,"column":8},"end":{"line":355,"column":11170}},"48":{"start":{"line":378,"column":8},"end":{"line":378,"column":31}},"49":{"start":{"line":379,"column":8},"end":{"line":379,"column":63}},"50":{"start":{"line":393,"column":8},"end":{"line":393,"column":31}},"51":{"start":{"line":394,"column":8},"end":{"line":394,"column":47}},"52":{"start":{"line":411,"column":8},"end":{"line":411,"column":13193}},"53":{"start":{"line":417,"column":8},"end":{"line":417,"column":78}},"54":{"start":{"line":428,"column":8},"end":{"line":428,"column":66}},"55":{"start":{"line":439,"column":8},"end":{"line":439,"column":14055}}},"branchMap":{"1":{"line":83,"type":"if","locations":[{"start":{"line":83,"column":8},"end":{"line":83,"column":8}},{"start":{"line":83,"column":8},"end":{"line":83,"column":8}}]},"2":{"line":86,"type":"if","locations":[{"start":{"line":86,"column":12},"end":{"line":86,"column":12}},{"start":{"line":86,"column":12},"end":{"line":86,"column":12}}]},"3":{"line":111,"type":"if","locations":[{"start":{"line":111,"column":8},"end":{"line":111,"column":8}},{"start":{"line":111,"column":8},"end":{"line":111,"column":8}}]},"4":{"line":114,"type":"if","locations":[{"start":{"line":114,"column":12},"end":{"line":114,"column":12}},{"start":{"line":114,"column":12},"end":{"line":114,"column":12}}]},"5":{"line":146,"type":"if","locations":[{"start":{"line":146,"column":8},"end":{"line":146,"column":8}},{"start":{"line":146,"column":8},"end":{"line":146,"column":8}}]},"6":{"line":179,"type":"if","locations":[{"start":{"line":179,"column":8},"end":{"line":179,"column":8}},{"start":{"line":179,"column":8},"end":{"line":179,"column":8}}]},"7":{"line":182,"type":"if","locations":[{"start":{"line":182,"column":12},"end":{"line":182,"column":12}},{"start":{"line":182,"column":12},"end":{"line":182,"column":12}}]},"8":{"line":213,"type":"if","locations":[{"start":{"line":213,"column":8},"end":{"line":213,"column":8}},{"start":{"line":213,"column":8},"end":{"line":213,"column":8}}]},"9":{"line":216,"type":"if","locations":[{"start":{"line":216,"column":12},"end":{"line":216,"column":12}},{"start":{"line":216,"column":12},"end":{"line":216,"column":12}}]},"10":{"line":248,"type":"if","locations":[{"start":{"line":248,"column":8},"end":{"line":248,"column":8}},{"start":{"line":248,"column":8},"end":{"line":248,"column":8}}]},"11":{"line":250,"type":"if","locations":[{"start":{"line":250,"column":15},"end":{"line":250,"column":15}},{"start":{"line":250,"column":15},"end":{"line":250,"column":15}}]},"12":{"line":266,"type":"if","locations":[{"start":{"line":266,"column":8},"end":{"line":266,"column":8}},{"start":{"line":266,"column":8},"end":{"line":266,"column":8}}]},"13":{"line":268,"type":"if","locations":[{"start":{"line":268,"column":15},"end":{"line":268,"column":15}},{"start":{"line":268,"column":15},"end":{"line":268,"column":15}}]},"14":{"line":283,"type":"if","locations":[{"start":{"line":283,"column":8},"end":{"line":283,"column":8}},{"start":{"line":283,"column":8},"end":{"line":283,"column":8}}]},"15":{"line":285,"type":"if","locations":[{"start":{"line":285,"column":15},"end":{"line":285,"column":15}},{"start":{"line":285,"column":15},"end":{"line":285,"column":15}}]},"16":{"line":309,"type":"if","locations":[{"start":{"line":309,"column":8},"end":{"line":309,"column":8}},{"start":{"line":309,"column":8},"end":{"line":309,"column":8}}]},"17":{"line":411,"type":"if","locations":[{"start":{"line":411,"column":8},"end":{"line":411,"column":8}},{"start":{"line":411,"column":8},"end":{"line":411,"column":8}}]},"18":{"line":439,"type":"if","locations":[{"start":{"line":439,"column":8},"end":{"line":439,"column":8}},{"start":{"line":439,"column":8},"end":{"line":439,"column":8}}]}}}}